evaluating derivation 'git+file:///Users/edean/workspace/github/inventory-backend-stub#application'...
warning: Git tree '/Users/edean/workspace/github/inventory-backend-stub' is dirty
evaluating file '/nix/store/770mk19nx4652mxrx4zskvi22n2ibkfh-source/flake.nix'
these 822 derivations will be built:
  /nix/store/00kvlsj51brk3mz0dp5wr111gjzrwfgi-angus-activation-project-2.0.1.pom.drv
  /nix/store/0108zaazqxif1yd0mldr5bh6ckhm9y0c-apache-23.pom.drv
  /nix/store/vwng6nkpi3nk016wawzlyrznh2by3lr2-spring-boot-gradle-plugin-3.2.3.jar.drv
  /nix/store/wri6lvw5zcz4b4z3al7mgalbj0q1pl3h-spring-boot-gradle-plugin-3.2.3.module.drv
  /nix/store/01mk6191xghqqrlv7psmq9z8jfi1r9nn-spring-boot-gradle-plugin-3.2.3.jar.drv
  /nix/store/mwbaw7gbid7b92hhrjhrlyqs9zhcn4b8-jakarta.xml.bind-api-parent-4.0.1.pom.drv
  /nix/store/02d9wkba7ijdy292lnrk9ncdvrsbwxi8-jakarta.xml.bind-api-parent-4.0.1.pom.drv
  /nix/store/cw9i9rcz2x9y10701wvmfcbp1964pn5q-docker-java-api-3.3.4.pom.drv
  /nix/store/06ic491k9ykvv94dsihxwf1ysgnfkkin-docker-java-api-3.3.4.pom.drv
  /nix/store/06zwfvi3385v8mcgxrgi4wjarxfcp3ii-spring-boot-starter-3.2.3.module.drv
  /nix/store/07842sws83cipqrh2wxcx37d7j9crvn1-annotations-17.0.0.jar.drv
  /nix/store/07v6y6c6wjv79kl0szdlvh0k8s71fhbm-aspectjweaver-1.9.21.pom.drv
  /nix/store/639v9flxxq6bkd447syj5mx768qi8468-spring-boot-loader-tools-3.2.3.jar.drv
  /nix/store/sn7if0jzbyirmw6rrjsnqf66ygnwdsr6-spring-boot-loader-tools-3.2.3.module.drv
  /nix/store/0b7lbg88f6y0alq3awv7f6bjwlz3jaw2-spring-boot-loader-tools-3.2.3.jar.drv
  /nix/store/0bnvcmv7s6718hyhx1l9sz84hqxgzspy-spring-webmvc-6.1.4.module.drv
  /nix/store/0bvlnphnk1s08m0fd13h9yh9zya47q5a-micrometer-commons-1.12.3.jar.drv
  /nix/store/ba7adaivx5s2qk0b3k5kmwi3fqz6qp2x-jersey-bom-3.1.5.pom.drv
  /nix/store/0h0q1p62sz601q20qg7xa9p3zls29564-jersey-bom-3.1.5.pom.drv
  /nix/store/0i0ja819v3zjpl2ihmwc1rkpnpln5f78-antlr4-master-4.13.0.pom.drv
  /nix/store/0i49gahkyak2bx1jc1x1n0apamclvvcf-spring-expression-6.1.4.pom.drv
  /nix/store/2is05x0yci4ggl5x5v9jlxk6ljf96xal-spring-tx-6.1.4.module.drv
  /nix/store/qv1jimpyd25dj3cmn9b9j4f7158i62xc-spring-tx-6.1.4.pom.drv
  /nix/store/0j5m2vhzp1abzai4ijs8ng4cb2rlzbag-spring-tx-6.1.4.pom.drv
  /nix/store/177dmn6jvviv6f3l0x4g9lcihvara3ff-kotlin-bom-1.9.22.pom.drv
  /nix/store/0k4768y09nghmjid16ic2p5wrvvp36vq-kotlin-bom-1.9.22.pom.drv
  /nix/store/xfxvp8j29r6702akabxijpx5w95hd6fv-log4j-to-slf4j-2.21.1.pom.drv
  /nix/store/0kss6m16h8w570g82kg5klcrn6hfr0d5-log4j-to-slf4j-2.21.1.pom.drv
  /nix/store/frfkkr1bs0qsyvl22k7n791hr69v5w8s-jandex-parent-3.1.2.pom.drv
  /nix/store/0l4hsh1p7k50iwr8nsdqjvss86g1lign-jandex-parent-3.1.2.pom.drv
  /nix/store/0lf67bl564m7604ardzpisy4g802hl4l-docker-java-transport-3.3.4.pom.drv
  /nix/store/5wwr1w1ckqaw8cq2j230208kr5fhz7mg-spring-webmvc-6.1.4.jar.drv
  /nix/store/0nksfvx9p3knv85rx1h6lw1xjdsgqn1f-spring-webmvc-6.1.4.jar.drv
  /nix/store/xr6h0y9ih1d0fl6mqr6cxfi4bm4m4x0v-log4j-bom-2.21.1.pom.drv
  /nix/store/0nywq579ppmk3dk9f1nnxgw3xj4jsg5n-log4j-bom-2.21.1.pom.drv
  /nix/store/1jvpj7y2k42c2jfm51hvwmic31g1gyj3-jackson-datatype-jdk8-2.15.4.module.drv
  /nix/store/0qsiard4ww3irgg7jwp7dq6bc8q7l301-jackson-datatype-jdk8-2.15.4.module.drv
  /nix/store/jsgb9pvr12zy0sihqvdzhcwy57x1sg2j-spring-data-bom-2023.1.3.pom.drv
  /nix/store/0r16wf1sy91vr0r7nr0k880c3nspkax0-spring-data-bom-2023.1.3.pom.drv
  /nix/store/0sskpxya2j5lq15m7dx2jkb3lzclwliy-jackson-annotations-2.15.4.jar.drv
  /nix/store/0swfkn9cbpyivh60alq5hvn61ipab5mq-spring-orm-6.1.4.pom.drv
  /nix/store/0szarxr1bxr3rkplyff74nyykbk2a59n-junit-bom-5.10.0.module.drv
  /nix/store/0w5r5769f3p4di3b7sdc8p179lq8n6hf-jackson-annotations-2.14.2.jar.drv
  /nix/store/2dlymap01s5vv5p6rhpqskpvqs8cikpm-jackson-databind-2.14.2.module.drv
  /nix/store/2mymhg5r7n9xgn2kxz0k3ig75vcmy0hl-jackson-databind-2.14.2.jar.drv
  /nix/store/0xmyp0jgvk0xrpi2zl2jrq73dkxa0x00-jackson-databind-2.14.2.jar.drv
  /nix/store/da2rkh6b2qvkiilvh5gbdpsna84qggqr-spring-data-jpa-parent-3.2.3.pom.drv
  /nix/store/0yh8qlaz26hnf4qli068f6cvfnzhglnc-spring-data-jpa-parent-3.2.3.pom.drv
  /nix/store/0z0p4xcib941lm2w520lgj42s1s52xq2-kotlinx-serialization-bom-1.6.3.pom.drv
  /nix/store/0z12146zaijdq4fj232zdc8290jl7rjh-spring-boot-starter-data-jpa-3.2.3.module.drv
  /nix/store/12lsswz7c1c9yy2k9g5rj3c0y7jm5vjg-groovy-bom-4.0.18.pom.drv
  /nix/store/12mcnd4s0a5din4wbg6arckngh3f4v04-spring-tx-6.1.4.module.drv
  /nix/store/hy4anjifbw2nazgdpk7x0ksn7h5gv2gh-junit-bom-5.10.0.pom.drv
  /nix/store/12nwvqszciwqa6xxajrvp7pnxg73wnxa-junit-bom-5.10.0.pom.drv
  /nix/store/13xjxska5v5279wwis76jrs0pjdgwwff-aspectjweaver-1.9.21.pom.drv
  /nix/store/16mpadw5xx2mc1shasx1ny11xk15mqxv-logback-core-1.4.14.jar.drv
  /nix/store/16w3q9l0z415ph4zq86xrs37f6ayf983-junit-jupiter-1.19.5.jar.drv
  /nix/store/rkhcw8bwiqk6r3nk0iyh0xh7ssps80ns-httpcore5-5.2.4.jar.drv
  /nix/store/16z16rvphciaih1j3cg8hrcl4n7ai542-httpcore5-5.2.4.jar.drv
  /nix/store/9fk3lh5q24xanpd6q4gk7byp0li38g4i-spring-framework-bom-6.1.4.module.drv
  /nix/store/176hjfiv9q8wpnchd792j68s4g8fq2h2-spring-framework-bom-6.1.4.module.drv
  /nix/store/98w0224bx8ggp257py6k0ip5w5kfhikg-apache-27.pom.drv
  /nix/store/17nr37vdsqhww8knxaf7miyc7rz9wwyw-apache-27.pom.drv
  /nix/store/fwbzjzdybcs474glklf7v1r66nz8l3cr-spring-boot-testcontainers-3.2.3.module.drv
  /nix/store/17zqxx6iz314zfb6m4khznw6k86g6rq1-spring-boot-testcontainers-3.2.3.module.drv
  /nix/store/1bprypplk3krb0vi504galllljnkdib4-json-smart-2.5.0.jar.drv
  /nix/store/rr04b2aznp3fvq8rvgi1vh2b6bsgkhii-java-driver-bom-4.17.0.pom.drv
  /nix/store/1cjl394kf4aw7hqf4wdlr43kf7cmj451-java-driver-bom-4.17.0.pom.drv
  /nix/store/wgrh0xapw3lg6md4hr0x8z9pxx0rc0l4-antlr4-runtime-4.7.2.jar.drv
  /nix/store/1hbh8v0c49pbf30nabrgm93hfdkvw39y-antlr4-runtime-4.7.2.jar.drv
  /nix/store/lvxixfnyj3dvdfcjkfqvpqh3lynpbn83-logback-core-1.4.14.pom.drv
  /nix/store/1jmhnakf7a2zrq5w79h0q5027d078g9b-logback-core-1.4.14.pom.drv
  /nix/store/jbbf98n73ngmpk5vwdkcwgr7ddn94y1i-HikariCP-5.0.1.jar.drv
  /nix/store/1kniwrgx1ni799yzbpdrz5ihwya5j2m3-HikariCP-5.0.1.jar.drv
  /nix/store/1kq23iqlwacaywgfc39f78m5lw8gbfy4-spring-boot-starter-aop-3.2.3.pom.drv
  /nix/store/4ghmb8hp1k1k1sb3ksai13xf3rlyml8d-spring-pulsar-bom-1.0.3.module.drv
  /nix/store/nag14yb3snc4f1q1g76jcl4mh62aj3qc-spring-pulsar-bom-1.0.3.pom.drv
  /nix/store/1l4l7jxqhrzy6xyydavm1day65x943ji-spring-pulsar-bom-1.0.3.pom.drv
  /nix/store/7vxy3l7c1536szm15ssjqdf9jn6njghq-jaxb-bom-ext-4.0.4.pom.drv
  /nix/store/1lpdzpzn028r2x8crmpsj625qxzmn81j-jaxb-bom-ext-4.0.4.pom.drv
  /nix/store/1q9n0xidydg2ccdwmzacj24vrczd62wg-opentest4j-1.3.0.module.drv
  /nix/store/8llr9c8qg1612gn48q39f1ml29kdykv9-jackson-module-parameter-names-2.14.2.module.drv
  /nix/store/nfsqarrm3xmj58zh0gvn6n9ydnq0b39j-jackson-module-parameter-names-2.14.2.jar.drv
  /nix/store/1v46xcy72flaxlwcss4fnim6h7dzhwcg-jackson-module-parameter-names-2.14.2.jar.drv
  /nix/store/1w6k79vsbaafhbvxp913mckg8xndckx3-assertj-parent-3.24.2.pom.drv
  /nix/store/1wniw086mypf4jkqz4jwnk3spqx5d079-junit-platform-engine-1.10.2.pom.drv
  /nix/store/1xqf47j42862kjl6g50n2j8lld2kq6mz-smallrye-build-parent-39.pom.drv
  /nix/store/i9h2j0gw5sw9kl7zs3gmmrji0xg94wpn-project-1.0.6.pom.drv
  /nix/store/1zbx3ihcvv8465235d556w22mjssrbwa-project-1.0.6.pom.drv
  /nix/store/a3cgjcz6vx8s59ah4c0i1wrpavgah9f0-spring-framework-bom-5.3.29.module.drv
  /nix/store/20vfb2xzpcb34k5y94a0vxvdivrwa1h1-spring-framework-bom-5.3.29.module.drv
  /nix/store/c2cizj8abcszql0al1qjjk723k4y4lrd-spring-boot-test-autoconfigure-3.2.3.module.drv
  /nix/store/21mmkghqpfcd5cc4bccxkhyrwpflmwwf-spring-boot-test-autoconfigure-3.2.3.module.drv
  /nix/store/5zldg2kdiy5nvwd6k95faywf3m4g14ll-spring-context-6.1.4.module.drv
  /nix/store/gg1xsm5cr3rf4g80bs00m6jlb32zq64i-spring-context-6.1.4.jar.drv
  /nix/store/22ywy0pdxsp8j00alkpjsc6nxmni8irw-spring-context-6.1.4.jar.drv
  /nix/store/aiziqprryr27adzaxpqm4hv96xjaclid-oss-parent-7.pom.drv
  /nix/store/23i0zl1q2dwladm11l9xkrg4dg9l6ig7-oss-parent-7.pom.drv
  /nix/store/246mgrdff12ml8yq4hdrhx747sbx6j5p-docker-java-api-3.3.4.jar.drv
  /nix/store/27c76xf910yi3k5kbfm4ppgi44zqjqnh-istack-commons-runtime-4.1.2.pom.drv
  /nix/store/a7ks0ixvyyx1ch6wyv79igrbddbq5m9v-spring-jcl-6.0.10.module.drv
  /nix/store/gk3jyznajn88y8s9iha6jbrmymik2xph-spring-jcl-6.0.10.jar.drv
  /nix/store/27hwkim2hjs11anqskbfd7rs3s2aakl8-spring-jcl-6.0.10.jar.drv
  /nix/store/bvwxiyfjizksvgq15v6fg814n1p9pb61-jakarta.xml.bind-api-4.0.1.pom.drv
  /nix/store/29pphxrdn7j2wf399ihpddbfwpvnwq17-jakarta.xml.bind-api-4.0.1.pom.drv
  /nix/store/2b19ppgqdj9l59fnxbp8x749m329c224-jetty-ee10-bom-12.0.6.pom.drv
  /nix/store/2fgh7xr80s7n0zc343r1kp78k7hg3x38-aspectjweaver-1.9.21.jar.drv
  /nix/store/2fq447m45cg3smmn3kxblg4ii23amqpy-snakeyaml-2.2.pom.drv
  /nix/store/2hjg01rzc53xk76pajjsb643541p25sd-logback-classic-1.4.14.pom.drv
  /nix/store/s2p1gqpvhrskixri2px3ywb6b4ba1pf3-junit-jupiter-5.10.2.module.drv
  /nix/store/2i3qsvjg08v32mxm62wj30hknql96icp-junit-jupiter-5.10.2.module.drv
  /nix/store/2ib4hsk6lbfn9m6vn9whvbpdqmc3yslm-spring-boot-starter-data-jpa-3.2.3.pom.drv
  /nix/store/2jxpzpdwpwqn32f66rhywpyfj9ckwp5w-jakarta.transaction-api-2.0.1.pom.drv
  /nix/store/2l1hzvqwvpy9ghyxp73klgzv09mamv81-jetty-ee10-bom-12.0.6.pom.drv
  /nix/store/3cgqr5ndmbpihalnf1p20ccfnb745l41-netty-bom-4.1.97.Final.pom.drv
  /nix/store/2n3mhymjhidm24i16qs413dhmw25sqfr-netty-bom-4.1.97.Final.pom.drv
  /nix/store/8cl1cfpxs6rgi34cranjxx7j1rjki90r-classmate-1.6.0.jar.drv
  /nix/store/2nxrh411bs9cjv4r9i06kkda9if6fmy6-classmate-1.6.0.jar.drv
  /nix/store/2pj34inchphqagmsal9bmip1vpab2zw7-spring-boot-starter-logging-3.2.3.module.drv
  /nix/store/2rm1prhk4aj5387yjgcnzgx1a1fa9vi2-groovy-bom-3.0.19.pom.drv
  /nix/store/q5pj40y0ly2ym644n4r8y9apq4yr529j-oss-parent-9.pom.drv
  /nix/store/2yfry0217f8zgg4dm800v5nnkzyllwdi-oss-parent-9.pom.drv
  /nix/store/302jzjggzqvf6smn0sgmjwq9jg5jvmvs-junit-jupiter-api-5.10.2.pom.drv
  /nix/store/7ykfihn8ijg5za4i44xywyg79j6a375y-jsonassert-1.5.1.jar.drv
  /nix/store/305h0q2cz5glii7ha45v88jbyhmw996f-jsonassert-1.5.1.jar.drv
  /nix/store/3073m130dn1sk3l092120jd2ba3x5isl-jackson-module-parameter-names-2.15.4.module.drv
  /nix/store/30bzgimlbxiqcv22r75ab6gfmnyph5ak-jdbc-1.19.5.jar.drv
  /nix/store/321lr7plg3bfm26zpv6pgb4kimpmj5xv-jetty-bom-9.4.53.v20231009.pom.drv
  /nix/store/z1hxlpr92dsvxsfqilcjns90q26360nx-jackson-module-parameter-names-2.15.4.jar.drv
  /nix/store/32r1p8xala6dx3qknbqkrhzds4bzjp6a-jackson-module-parameter-names-2.15.4.jar.drv
  /nix/store/fr11hpyw5i06jk33rdzhzncr5yc1k03r-jul-to-slf4j-2.0.12.jar.drv
  /nix/store/32saganx4sflgq8cvca4x0wjd4srs27p-jul-to-slf4j-2.0.12.jar.drv
  /nix/store/fsk3v0bg3knrak04bdxzsycbvcczg5dk-junit-bom-5.9.1.pom.drv
  /nix/store/m6339xdxvw92kw6j4psyqp40j7x2y82w-junit-bom-5.9.1.module.drv
  /nix/store/32xij5v0q5vffl9yfabb8cjl63zqklil-junit-bom-5.9.1.pom.drv
  /nix/store/36iz207d35gx5nxgdgpvcg1ccfs6p4j0-spring-boot-dependencies-3.2.3.pom.drv
  /nix/store/dyjnxpqagr1nymx0z6wnzmvgwvm826iv-httpcore5-h2-5.2.4.pom.drv
  /nix/store/38vckxzd9wz7d3pnd9bn85iw8c9ll16s-httpcore5-h2-5.2.4.pom.drv
  /nix/store/la1ff09axr7hfxqk2ddw37gg501vph06-spring-boot-starter-jdbc-3.2.3.pom.drv
  /nix/store/nc8fg7rggak5dnjlpfvjsf6lsi60x6hh-spring-boot-starter-jdbc-3.2.3.module.drv
  /nix/store/3c2wvkyq3ay6qbq9srcbni6li846bd7v-spring-boot-starter-jdbc-3.2.3.pom.drv
  /nix/store/8w92m8iairgcn57vby76xha70xp6x3dq-spring-boot-starter-test-3.2.3.pom.drv
  /nix/store/jhgxpnxdy7lxla9019lhvak1vcwl4dng-spring-boot-starter-test-3.2.3.module.drv
  /nix/store/3dzqkl4id5dkwszzxv0ih1il3yl11ag7-spring-boot-starter-test-3.2.3.pom.drv
  /nix/store/3f61nlz947x3gbqzd6qxarqf3rkbips8-httpcore5-parent-5.2.4.pom.drv
  /nix/store/3ghvq3mg90hvwh0brzaddhclqf9n3dvf-jandex-3.1.2.pom.drv
  /nix/store/ckip8ssvmxx74wj9qjzg0v8pvpini6r6-tomlj-1.0.0.jar.drv
  /nix/store/3h643bi8vzji2r4m0lcv9fqik40bqcvw-tomlj-1.0.0.jar.drv
  /nix/store/3i0hilaqqm4qlf0b724s8b0djnmw59ab-mockito-junit-jupiter-5.7.0.jar.drv
  /nix/store/qphj2c6q0s29iw07zwksy10mlph5p16b-jaxb-bom-4.0.4.pom.drv
  /nix/store/3i47fzv9wpkni26lyjd9sf6rql1r2mf6-jaxb-bom-4.0.4.pom.drv
  /nix/store/3j5yr6hy8zfnrhphlqm0byjvza0hkh0v-jackson-bom-2.15.4.pom.drv
  /nix/store/4axyv3w5v0kgj3l0ajsxz52g6jdsh0w7-jaxb-runtime-4.0.4.pom.drv
  /nix/store/3jbwxpyx9bbpsdvgddzbh2fdqy6jnvld-jaxb-runtime-4.0.4.pom.drv
  /nix/store/3jjr94q07fxrl4mkzy4711scc1i5mks0-postgresql-1.19.5.pom.drv
  /nix/store/cz9703z4aaabi0l1gh22mw0p128fpd3q-spring-boot-starter-tomcat-3.2.3.jar.drv
  /nix/store/qlcs55xjpmrixhnwyhz0caqngw1388v0-spring-boot-starter-tomcat-3.2.3.module.drv
  /nix/store/3lnnsrkhsfflqnii1v8bzpsvwlfghawc-spring-boot-starter-tomcat-3.2.3.jar.drv
  /nix/store/3lr2vrhp1dsqyki1yhmblf3xmd46cch8-asm-bom-9.5.pom.drv
  /nix/store/b1imm3fl3m38h73jqyznanp1bls88sg0-docker-java-transport-zerodep-3.3.4.jar.drv
  /nix/store/3pap1i1gixf7wi965d3h0sxms88995yg-docker-java-transport-zerodep-3.3.4.jar.drv
  /nix/store/3phi9m5xg2774ci2sp4lzwvs79n6r092-jaxb-core-4.0.4.pom.drv
  /nix/store/3r47836dap40kg8a3z8zj9njg7lw0vsr-slf4j-api-2.0.12.jar.drv
  /nix/store/f14bl7id45mmd54a18w11vb6d076i3h0-okhttp-bom-4.12.0.module.drv
  /nix/store/3v8nrfl8j043s7i8iyvckyjlq3zwshl9-okhttp-bom-4.12.0.module.drv
  /nix/store/3w28ixyfs3l11b7p0hk41kmyrhilcjyi-mockito-junit-jupiter-5.7.0.jar.drv
  /nix/store/3xlwaz9n3f755v2cpkq4rmd7g52553kh-spring-integration-bom-6.2.2.pom.drv
  /nix/store/3y5j25rllnyp7bnqb2hw1prqxppjikhf-spring-boot-starter-logging-3.2.3.module.drv
  /nix/store/3yxbayayxfrkihlnzvf195n4wwx1xy5w-rsocket-bom-1.1.3.pom.drv
  /nix/store/nd74ygwfc3fhraqjlsxnr4x7wv2a1r75-json-path-2.9.0.jar.drv
  /nix/store/wa3n1ijzmdkmix7gy8vnkk6h8np708a2-json-path-2.9.0.module.drv
  /nix/store/40fliy8i7qx4qvimg6k6k850kcpc2i18-json-path-2.9.0.jar.drv
  /nix/store/c8j5blfq2qcqnfdqm2pr7j9ycq3kpfyz-objenesis-3.3.pom.drv
  /nix/store/40rzl0cyhny5f3vjiavis0wkbgykrlzh-objenesis-3.3.pom.drv
  /nix/store/428y6kvll9x0fy8kpry5a3mcrrgxvjx1-io.spring.dependency-management.gradle.plugin-1.1.4.pom.drv
  /nix/store/c1lac84bpz170kah5d4i1hq8pb3ghv1l-junit-platform-commons-1.10.2.module.drv
  /nix/store/45x6r6j9i23ssqz7j4vgjdkkbxf5zjyw-junit-platform-commons-1.10.2.module.drv
  /nix/store/q4xsqrywia5gi0jv5wsdz3cqd5gl821a-spring-boot-starter-web-3.2.3.jar.drv
  /nix/store/sp5wfnw8hrpi722y8qdi3fgry4345pp2-spring-boot-starter-web-3.2.3.module.drv
  /nix/store/46j51fczdfgwgswvfpr3mrdf88im06v7-spring-boot-starter-web-3.2.3.jar.drv
  /nix/store/47r93m29affri3zczs06gpcbrcjinvwd-jackson-parent-2.14.pom.drv
  /nix/store/48hxb1b75aqcmp6jlnngnjfpvddy2387-assertj-build-3.24.2.pom.drv
  /nix/store/48z642daycy2fma6vkkkjjlqap22s7di-jakarta.inject-api-2.0.1.pom.drv
  /nix/store/sm93la3naiz1qpbavss7m1jm4knx5s2s-spring-restdocs-bom-3.0.1.pom.drv
  /nix/store/49lsqvmvxv84nk55sha8l7mp1a5dlqci-spring-restdocs-bom-3.0.1.pom.drv
  /nix/store/4a62z04v0fwafcd3hdc99d18fv698s9k-spring-aspects-6.1.4.pom.drv
  /nix/store/nsqjl1sachxb491b80a69wwyl3ll5kjc-oss-parent-50.pom.drv
  /nix/store/4azi26cbycvdfj867m6dm9fly6nr226k-oss-parent-50.pom.drv
  /nix/store/l86y63swkznqm90pmlmkwmzms9xga8z9-spring-boot-starter-web-3.2.3.pom.drv
  /nix/store/4c5v9cd3a4vl641z20w76gl3mlz30vjz-spring-boot-starter-web-3.2.3.pom.drv
  /nix/store/4c7bzbmwva6ppsgb7w50rnc0gabfby91-infinispan-build-configuration-parent-14.0.24.Final.pom.drv
  /nix/store/r0g10vnwx2xygbmyfl6n0hvxf1c6i0ag-junit-jupiter-api-5.10.2.module.drv
  /nix/store/4cbjsnjmsny46pvclh5y3s5j7gh0frxl-junit-jupiter-api-5.10.2.pom.drv
  /nix/store/8crm62pj917lyxa2dnxs6wl8qq8wd1za-slf4j-parent-1.7.36.pom.drv
  /nix/store/4crjl41p878abbqdrvgi50aj4qz00qv1-slf4j-parent-1.7.36.pom.drv
  /nix/store/4filan4cj3p1i8w5bpm8x7pvvfag3r89-metrics-bom-4.2.25.pom.drv
  /nix/store/b59778bf5gz8r785bgjzpmq1zvp41gz3-checker-qual-3.31.0.module.drv
  /nix/store/4fwi7nw0hc3qi3k9b76wvb7azxwljc2y-checker-qual-3.31.0.module.drv
  /nix/store/s079ww1jvs4139ah59wk77lwxmclgj9z-groovy-bom-4.0.18.module.drv
  /nix/store/4g2iw7z1k1pd8h5n4j80p5z7a3vzch6c-groovy-bom-4.0.18.module.drv
  /nix/store/4kfxm7bqdbc47g18m12rm4bb4awl9rg6-spring-context-6.1.4.module.drv
  /nix/store/dxi5pxrchic5b12x7mbzdf9s60gfrga1-spring-boot-starter-jdbc-3.2.3.jar.drv
  /nix/store/4mbykyqfd5b4fx7x5ah7bn2hy6nrynr6-spring-boot-starter-jdbc-3.2.3.jar.drv
  /nix/store/yh4n6mig42iaqamhi3j3w7xq1mz18nhq-spring-boot-starter-logging-3.2.3.pom.drv
  /nix/store/4p4q7cjzjqz3zwpczn600ppq7v4c1hmh-spring-boot-starter-logging-3.2.3.pom.drv
  /nix/store/4q4ldabn7bh7nwr4s5x9zvgillnb5x8c-json-smart-2.5.0.jar.drv
  /nix/store/5nd25yki8xilal5dbq0d3rrby09dl0gb-apache-30.pom.drv
  /nix/store/4v1gmqjn5nlw9q7p0az1lj2j1qcvmyyc-apache-30.pom.drv
  /nix/store/4y3lsljn7sdi9fkhxp97hy0v7z1xm1g8-database-commons-1.19.5.pom.drv
  /nix/store/50f24jyvkfc919zjgr74vkdgw8rkqa1h-spring-boot-testcontainers-3.2.3.pom.drv
  /nix/store/510i7ip5cfa6dgnm28r69hncln4lm586-org.springframework.boot.gradle.plugin-3.2.3.pom.drv
  /nix/store/hw687xpw67yi73qybm8sg0v8vvcw3qvb-spring-boot-starter-3.2.3.jar.drv
  /nix/store/51xf5nz7b8nbvipvrynclnh122pr4v9x-spring-boot-starter-3.2.3.jar.drv
  /nix/store/64fq1c638ghf4n677m57byskj5qd7agw-log4j-api-2.21.1.pom.drv
  /nix/store/549ava28jdlhdx9bswlhhmnnlm6yp7vk-log4j-api-2.21.1.pom.drv
  /nix/store/7pjw0093zynbmfflhcdqwyc1ipd3p4jy-junit-jupiter-engine-5.10.2.module.drv
  /nix/store/iya9wf0mkzic5qcjcvl0v5sj50lxwiwr-junit-jupiter-engine-5.10.2.pom.drv
  /nix/store/55v5lzh5cg9kl8ynpn71ad8fcbn906vv-junit-jupiter-engine-5.10.2.pom.drv
  /nix/store/57yigzmalhizw7gc2qn8vm5q6z1n8s3x-assertj-parent-3.24.2.pom.drv
  /nix/store/59y74a09k50z92j8fgcp0235gdnd03a9-httpclient5-parent-5.2.3.pom.drv
  /nix/store/5bpqns7rgb48yh6mfdmks3cg6kafg044-groovy-bom-4.0.18.pom.drv
  /nix/store/ilkn2w82p3y3h9031i1g7fwy0d8ypzxv-spring-orm-6.1.4.module.drv
  /nix/store/zg6lphcq5q5y5232ga91pm4sxklf0fig-spring-orm-6.1.4.jar.drv
  /nix/store/5c6lzfhwniwcmfpmcgpcmvv2hxdxdy8a-spring-orm-6.1.4.jar.drv
  /nix/store/5c7r2q9gl6499b4bnmxpqrd742x8zjdf-junit-jupiter-api-5.10.2.module.drv
  /nix/store/5cfhvin5vi6lld8syjvdaa23dm7hifcm-spring-web-6.1.4.jar.drv
  /nix/store/5dc1dc9sxnv82kr9l46m4r67pazszvs8-spring-boot-buildpack-platform-3.2.3.jar.drv
  /nix/store/5hcmgm9y5mfzq8jswynqc00kgazqffd1-log4j-2.21.1.pom.drv
  /nix/store/bhb6w98icf383a37s78wq8xgkfrvd4zr-spring-integration-bom-6.2.2.module.drv
  /nix/store/5k20ad8v20xhbsiyxlqwkdcpwg3p1svc-spring-integration-bom-6.2.2.module.drv
  /nix/store/5m7ifjw7gm3zlwqahkykqrlgi1qp1ns8-org.springframework.boot.gradle.plugin-3.2.3.pom.drv
  /nix/store/ng6xmsc8l152d5znixdbdhf1m9wc747v-spring-boot-3.2.3.pom.drv
  /nix/store/wjppb3fifl9scvbc6s9b3nzi652hvq74-spring-boot-3.2.3.module.drv
  /nix/store/5n74jxpa8ag4jmj202mz25rijpgcynhj-spring-boot-3.2.3.pom.drv
  /nix/store/xvdjr5s3rpp629jl0c3p0q6684m9fv7z-jackson-annotations-2.14.2.module.drv
  /nix/store/5piikxpy95rwrdyi7yd22y712yakn3h7-jackson-annotations-2.14.2.module.drv
  /nix/store/5qfv4a44glyrz902jdlylrrd06s2gqnq-checker-qual-3.31.0.jar.drv
  /nix/store/cwdr6szsf60jkwc4pz4iki1ls3gp5409-jackson-databind-2.15.4.module.drv
  /nix/store/gwcx9jdlbz84pykaml6wnab5vx0qhq13-jackson-databind-2.15.4.jar.drv
  /nix/store/5qs18wyqy3dfwkw9jn5ng9dij8ig4wpj-jackson-databind-2.15.4.jar.drv
  /nix/store/pss5k2s9xsnzf8mlbq64dqcpdri84n99-byte-buddy-1.14.12.pom.drv
  /nix/store/5rcaf4hpczkz9zdc1xsvjkv4aa2w6fn4-byte-buddy-1.14.12.pom.drv
  /nix/store/5s8vjgkrszzddfrqlhyr1bmia41wzlnm-jackson-core-2.15.4.jar.drv
  /nix/store/5sh5yjip9i3s9261963la5nfips6xvgm-junit-jupiter-params-5.10.2.jar.drv
  /nix/store/5vbyf3pvc82kbbf67whdznrwqahklcz3-istack-commons-runtime-4.1.2.jar.drv
  /nix/store/5vqszlcng6hf3jxn8ysrhq0a17c9r5dr-jdbc-1.19.5.jar.drv
  /nix/store/lp7s4i3d0bqxaciwk9rci7cbkvgcccz0-okhttp-bom-4.12.0.pom.drv
  /nix/store/5ywym6c2mvs6nxvfyhralpfy6xr1ml08-okhttp-bom-4.12.0.pom.drv
  /nix/store/5zlbbgdn6naa1cc38cz6dqxmxjlk3q5y-spring-boot-starter-aop-3.2.3.module.drv
  /nix/store/60k9wwgr6ms0d981nbna0f11ksafjlxw-jna-platform-5.13.0.pom.drv
  /nix/store/yvq9wjw411fq0brad1nf6nvi6gc51j5n-objenesis-parent-3.3.pom.drv
  /nix/store/60m9bb7q2630qkr5zannyyvyhln9463v-objenesis-parent-3.3.pom.drv
  /nix/store/pyx0509wp0jjfdp7chi7zra48agcvrw7-jackson-module-parameter-names-2.15.4.pom.drv
  /nix/store/64b4hdxal36rvy3vh0kr18cj1wwisbqf-jackson-module-parameter-names-2.15.4.pom.drv
  /nix/store/69frflpcfbvz4nmf0r65ipxci6j8wga7-micrometer-tracing-bom-1.2.3.pom.drv
  /nix/store/6ccbynl0gynqn284547i3gf8xispn3lw-jackson-annotations-2.14.2.jar.drv
  /nix/store/6czrry670fjil91acnywkz9n7szx2k2b-spring-boot-starter-json-3.2.3.jar.drv
  /nix/store/bfpmmwimh4f3hkxsq1qi0mfzr6h61w0f-spring-beans-6.1.4.module.drv
  /nix/store/wa34yvyxq9llz4zg6pmcdv1vdq5ajvxr-spring-beans-6.1.4.jar.drv
  /nix/store/6j6kg5lsjwjgzmrh9rfr5gvix6ff4a54-spring-beans-6.1.4.jar.drv
  /nix/store/mdhdij33wi59aifw9rqh8j79macmz8q9-spring-aop-6.1.4.module.drv
  /nix/store/z12rcwqz0v7353mgrchx0hiwh5xlfvmq-spring-aop-6.1.4.pom.drv
  /nix/store/6kljc10i0xyqm0s1m46vch74dvrxdpmn-spring-aop-6.1.4.pom.drv
  /nix/store/r47ffnkaanyasmlrwps5q0gh2pr8sq0s-spring-boot-starter-json-3.2.3.module.drv
  /nix/store/6l7634kgj1598pq0rh0jp378343jipca-spring-boot-starter-json-3.2.3.module.drv
  /nix/store/6wsp37zlmbfaql41r8bvynziawsc0pqq-project-1.0.7.pom.drv
  /nix/store/6xqazsp43p62v60mphivnxn8zr6ryrlc-junit-bom-5.9.3.module.drv
  /nix/store/71isw0spxqqq397w5wnkspwc3382rli3-spring-pulsar-bom-1.0.3.module.drv
  /nix/store/qhmi15fqlig0qlg43bjr0by8f6aqvbxi-tomcat-embed-el-10.1.19.pom.drv
  /nix/store/71xnwqxaz2kf33yij8bgjd9mwz3b3168-tomcat-embed-el-10.1.19.pom.drv
  /nix/store/73jybk1qprmyzpnnxfawsndh26y57avr-database-commons-1.19.5.jar.drv
  /nix/store/75nf2fria250yc936hjsx05w69h5mixw-logging-parent-10.1.1.pom.drv
  /nix/store/mbah0k1143pyk2dbm2mmqmpwadfjhgdm-spring-ws-bom-4.0.10.pom.drv
  /nix/store/77a0aw35v5qm74yqysmm9jz9qcs9zmc8-spring-ws-bom-4.0.10.pom.drv
  /nix/store/77bsb9hiarq0mp07sqc3cl1xw5vr204s-jakartaee-api-parent-9.1.0.pom.drv
  /nix/store/blwycxg6481b4l3mx4gxnmyc2af94s38-slf4j-api-1.7.36.pom.drv
  /nix/store/78i9jjnfajlz7xxs42nwr9hjlibl759r-slf4j-api-1.7.36.pom.drv
  /nix/store/f3bifwv756b0330wxws5r6fshv9g3xlh-json-smart-2.5.0.pom.drv
  /nix/store/7c5mrn45ir8lhzwf9by046rd3psfdinh-json-smart-2.5.0.pom.drv
  /nix/store/d18wds9ygs1qjk0il5z6s08dkdx1awvq-hibernate-commons-annotations-6.0.6.Final.module.drv
  /nix/store/7czxcxh28qm4wx4qzsxqv4wgpkcrldmd-hibernate-commons-annotations-6.0.6.Final.module.drv
  /nix/store/sqdsad3a4gq6p67ziig4n11nqsqpkm4a-mockito-bom-5.7.0.pom.drv
  /nix/store/7d771yy9hamdciknwsqlm57kxk2xzxkk-mockito-bom-5.7.0.pom.drv
  /nix/store/ypcam9wc87iai2vygjalh8qi1hvp4gkv-hamcrest-2.2.jar.drv
  /nix/store/7flzi49ydn95axpr2xqlg3rrfpiam87q-hamcrest-2.2.jar.drv
  /nix/store/vbgpqyw8y40zlz6hg3ya7x8691zyn3w9-xmlunit-parent-2.9.1.pom.drv
  /nix/store/7fsl34r6dnf9zha6zxq2r8b5q18csc6r-xmlunit-parent-2.9.1.pom.drv
  /nix/store/zdacxmgfddw9bfp0fgqy08yi2ffflf6m-hibernate-commons-annotations-6.0.6.Final.pom.drv
  /nix/store/7h2vljgc96mkf8a7k6i2l7vncaxh2dq7-hibernate-commons-annotations-6.0.6.Final.pom.drv
  /nix/store/c1fjm1imq5yc1wz64lzxhz362i34i38v-antlr4-master-4.7.2.pom.drv
  /nix/store/7hjhf7vv93k2xxrq616xdcpqchx4v8q4-antlr4-master-4.7.2.pom.drv
  /nix/store/7j1krh9ypy9ghh55gm3fhccihm3k6lhc-jakarta.transaction-api-2.0.1.pom.drv
  /nix/store/8sj6fnwdks9wmyz5wwyvm0vl3l424jqc-jackson-core-2.14.2.jar.drv
  /nix/store/ir2cp0czpkc6p1lfr6gn04g7sigsrn8x-jackson-core-2.14.2.module.drv
  /nix/store/7j6lw92i6y8x7d1inywrki5rvxywav22-jackson-core-2.14.2.jar.drv
  /nix/store/7j8m6lasyj0qf5cfm0kgg16rfxj19swm-spring-batch-bom-5.1.1.pom.drv
  /nix/store/7jg5zrwm9g9z87aiarby8aiyl2wxr94n-spring-boot-starter-aop-3.2.3.pom.drv
  /nix/store/7m75a3x943djbbmk6sk4i3byn8wanlrl-spring-boot-autoconfigure-3.2.3.pom.drv
  /nix/store/ibpfz69231n9z82mzjwl1ssvqmyhf6rq-tomcat-embed-core-10.1.19.jar.drv
  /nix/store/7nw0yb87dj8gnv36n29fcqnj6n9xlbvj-tomcat-embed-core-10.1.19.jar.drv
  /nix/store/7pbkrz79c1hs9rs6qjpzg11slmfckhkr-log4j-to-slf4j-2.21.1.jar.drv
  /nix/store/7r1s0lgyw7c52hqgr6vda44d2dps2dff-jakarta.persistence-api-3.1.0.jar.drv
  /nix/store/7s8vi0lf9wap97yyh5g01rd1gfvaasx5-byte-buddy-1.14.12.jar.drv
  /nix/store/7v8sg1gd9gyiqwpv1r2wwnc8c6bv5x1b-junit-jupiter-params-5.10.2.pom.drv
  /nix/store/7w4mx5s1d57k83wslqs7kbdw5xg7bgpx-jackson-bom-2.14.2.pom.drv
  /nix/store/nrz687504bl8d9wfm3ya7ixsr1wvblc5-jakarta.inject-api-2.0.1.jar.drv
  /nix/store/7xk26kg0lrpfyfqqz9zv5216gda0cs2g-jakarta.inject-api-2.0.1.jar.drv
  /nix/store/7yfibbyjmmnwzfmb9ipva4fm5fi2z0sj-spring-boot-loader-tools-3.2.3.module.drv
  /nix/store/7zdqy9ml6kjb1yykb2pf53vplzn26fgw-spring-boot-starter-tomcat-3.2.3.pom.drv
  /nix/store/83mwg7z154yi3jm5wa7vbcczzpn9qbvj-jakarta.xml.bind-api-4.0.1.jar.drv
  /nix/store/83sbbcjc7ak34mhy74wh0z4djjkzcm6a-byte-buddy-agent-1.14.12.jar.drv
  /nix/store/84m8gdi6lv17y3078rna63wlkijwpclr-opentest4j-1.3.0.jar.drv
  /nix/store/hx3vzrnx7f826x10dv7a9xy3lw48kpi7-spring-core-6.1.4.module.drv
  /nix/store/vzzl4x644xp4lkjs628xysyx43c7zx2b-spring-core-6.1.4.jar.drv
  /nix/store/85vsn6iybg0m3qw3zvmqr4g89b787a79-spring-core-6.1.4.jar.drv
  /nix/store/89zyyfjcgmpsnqg78z0a737nxwy4v33i-io.spring.dependency-management.gradle.plugin-1.1.4.pom.drv
  /nix/store/wwd1bcsnqqlyb1vy6fndp2cpiwzsjkby-spring-boot-test-3.2.3.module.drv
  /nix/store/8aswi2in2kvr2ikk8xayzg9zb4d368v9-spring-boot-test-3.2.3.module.drv
  /nix/store/aazp7flvfjz2j692328ww0fv95dhlwvp-logging-parent-1.0.1.Final.pom.drv
  /nix/store/8d2cbaixgzry30yrra9yw1d09aak6vbb-logging-parent-1.0.1.Final.pom.drv
  /nix/store/z7gfqsfvvhim7zi0w59bipf2rc0szzig-antlr4-runtime-4.7.2.pom.drv
  /nix/store/8ksfn2qiq1fk4cg33jm3ih4kzrk14f66-antlr4-runtime-4.7.2.pom.drv
  /nix/store/jwn96lzjcb6c1rq92cfmmg20rgnw2xw3-hamcrest-core-2.2.pom.drv
  /nix/store/8lgfaalh5abjwihyv4245x3gx41bcr1m-hamcrest-core-2.2.pom.drv
  /nix/store/8vkms49i8i8vr63szj2qdqm5jiqmn9ai-postgresql-1.19.5.pom.drv
  /nix/store/zcy9iznbs7ch5rklzr6vqkwa8jd4x6kv-spring-core-6.1.4.pom.drv
  /nix/store/8vy4cmbn5m9d5y738qn353kddx4z9sd5-spring-core-6.1.4.pom.drv
  /nix/store/vhb2jw6q9cnwd8iw0qfs0gcc9q15igir-spring-boot-starter-logging-3.2.3.jar.drv
  /nix/store/8w2dsk4y9lvm7vp4x4w843hyga0grxxf-spring-boot-starter-logging-3.2.3.jar.drv
  /nix/store/lg7ha8s014hialmb600w88b3m90a2vj5-docker-java-parent-3.3.4.pom.drv
  /nix/store/8z07l4ls0gxn6bm3y8gnmi4v9cx34nhs-docker-java-parent-3.3.4.pom.drv
  /nix/store/gfki750ab7yvvii0jv9yva2yh4flv1mp-jakarta.activation-api-2.1.2.jar.drv
  /nix/store/8z1zfyjay1nizq1k8nh0kj5asa410zp8-jakarta.activation-api-2.1.2.jar.drv
  /nix/store/cg2niiajb3mkxc8ql5cvx53zgza0yc20-angus-activation-2.0.1.pom.drv
  /nix/store/91fpazlcvknr5m6gvc5z0kqj27srps0a-angus-activation-2.0.1.pom.drv
  /nix/store/p0wfs35g4ngkgc4rmr3b183qf9016a3n-spring-boot-test-autoconfigure-3.2.3.jar.drv
  /nix/store/9c0zar997spg6f3ydnliyvnzvkfg8ml7-spring-boot-test-autoconfigure-3.2.3.jar.drv
  /nix/store/givxn4siy67lhci21rkwq7g7jqjhn3xb-ow2-1.5.pom.drv
  /nix/store/9c5im9xz0jyvhriwpskdpbwqxl2zy3xd-ow2-1.5.pom.drv
  /nix/store/9d2nf6qxsasmjzhgr18x1ir23931qqp7-asm-bom-9.5.pom.drv
  /nix/store/9dbzx9sm6afkks117n6qxcmszz9ynldy-logging-parent-10.1.1.pom.drv
  /nix/store/9dx1jqb86n8gcw9f382r3d2ds020ih4h-groovy-bom-3.0.19.pom.drv
  /nix/store/gpn8y594zhplivd11jynjy0n30rswjg5-spring-aop-6.1.4.jar.drv
  /nix/store/9jckv51mw5f9nsbkj7h3jh2s2767b3xx-spring-aop-6.1.4.jar.drv
  /nix/store/w6ia4w44slkwnsnpgw0rjnz1sp1x79b4-commons-compress-1.21.pom.drv
  /nix/store/9kbz9kl1291zjcrvlwlbb942kfx5sia0-commons-compress-1.21.pom.drv
  /nix/store/cwzbmmf90w12bassm75yj6lknv2iss1a-reactor-bom-2023.0.3.module.drv
  /nix/store/rz4l198gdzckkggac2vk7kpagvq2vnsi-reactor-bom-2023.0.3.pom.drv
  /nix/store/9sfi17khgsx6j21as7z2dzy9f5qfbn1k-reactor-bom-2023.0.3.pom.drv
  /nix/store/9xxh6isb0fyspi4pc0g0sf7q2xapl1ja-junit-bom-5.10.0.module.drv
  /nix/store/akmwi68sax5a1j88wpsjfjf09mk9a0f7-spring-expression-6.1.4.module.drv
  /nix/store/lw1ljzipn04hg0s7kqv65ksl8lcbpzs9-spring-expression-6.1.4.jar.drv
  /nix/store/a1gsbz1ffhln6lq1g187hi38v8h3axly-spring-expression-6.1.4.jar.drv
  /nix/store/bar0glm7myb6vggglwi09rvhmnf48rcr-httpcore5-5.2.4.pom.drv
  /nix/store/a1gvk1vnxxrqkq6x42ch8jd88i7sb8r3-httpcore5-5.2.4.pom.drv
  /nix/store/yzsssqsrp4ghg9v93g0m4d9xsqvqvdy9-hamcrest-core-2.2.jar.drv
  /nix/store/a5dbkvgs9cb8hawpm2aqsnf41l70dn0p-hamcrest-core-2.2.jar.drv
  /nix/store/bv3mfd68jxqww9dz4spv9j6cl2zsclxd-hibernate-core-6.4.4.Final.jar.drv
  /nix/store/a6zgfz2zf2fg1s3pz79xjjqmdj3wsav1-hibernate-core-6.4.4.Final.jar.drv
  /nix/store/a96m9is4yk1fl7wzvxs9cp6x6gbr3gqc-jackson-bom-2.14.2.pom.drv
  /nix/store/a9k1c3m1v24xwbk4wa1f4gnpx8dyvia8-spring-orm-6.1.4.module.drv
  /nix/store/a9qs0gi7bm6ks8f83kg7mjzpk4x23145-spring-boot-starter-tomcat-3.2.3.pom.drv
  /nix/store/8y5cxlqvlx1fly8ylb37vbjdzgls8ff5-infinispan-bom-14.0.24.Final.pom.drv
  /nix/store/aa3qrc6mwky93dw49z9cgyc2h4z251w1-infinispan-bom-14.0.24.Final.pom.drv
  /nix/store/cmgvymvbxv117w91jkschj5jjdi99pfi-hamcrest-2.2.pom.drv
  /nix/store/af7hczq44d8v05r0xrq9vqrlll0v4vjx-hamcrest-2.2.pom.drv
  /nix/store/srr8bxy14dn6f592kcz1w7jaf0scvzy6-jackson-datatype-jdk8-2.15.4.jar.drv
  /nix/store/ai0nh16bd3hs216niz5zgrwzj38kha56-jackson-datatype-jdk8-2.15.4.jar.drv
  /nix/store/j1d2wvk9yrdsi0przzrsnbw5nr819wxb-jboss-logging-3.5.3.Final.pom.drv
  /nix/store/ak77jk4zhrnl6zx2c55iqkv7dpcfwz0f-jboss-logging-3.5.3.Final.pom.drv
  /nix/store/al2af48jxzidgcw08i05zl0kqq7y5z3c-spring-boot-testcontainers-3.2.3.pom.drv
  /nix/store/alsyf7rvl4dfikl1bzwbgjwb2hwny2sy-spring-boot-starter-json-3.2.3.jar.drv
  /nix/store/cjc6lry2wzy5h7j1k40lrirajr8zql7j-jaxb-runtime-4.0.4.jar.drv
  /nix/store/amh6vwx98630cmzaqr00vf930mxpvc71-jaxb-runtime-4.0.4.jar.drv
  /nix/store/avyz178wyhnvqg6p17jcvj6lrbg85qyj-spring-integration-bom-6.2.2.pom.drv
  /nix/store/kla10f9qsvqicgqqmx3nxj7v18kz4ayi-spring-test-6.1.4.module.drv
  /nix/store/b1q5wv70fr8gs39cbr1nhm8xq5ksh810-spring-test-6.1.4.module.drv
  /nix/store/bdm7qrr8wajm7qmxp9cxb9mw0ai1a223-spring-boot-starter-tomcat-3.2.3.module.drv
  /nix/store/bf45j3gvsa8k35ak9mzhlxd6nikzl79z-junit-jupiter-engine-5.10.2.module.drv
  /nix/store/bxvamqzjww4zmdy089k19i81gn0px9gd-jna-5.13.0.pom.drv
  /nix/store/biidzq5cvlg6qv2np10mijqzf9syd1xl-jna-5.13.0.pom.drv
  /nix/store/bm9gy204ah16imhz775lcf10cirjz04l-assertj-build-3.24.2.pom.drv
  /nix/store/dmd7k002hyhdr17pxzm8pa4xr25mg2k1-assertj-core-3.24.2.pom.drv
  /nix/store/br7pf5gi3xz2bg38jkc6hrsqd0bq80w1-assertj-core-3.24.2.pom.drv
  /nix/store/pc38if38cvp9jrmpvr9fs2l5pmcircp5-junit-jupiter-params-5.10.2.module.drv
  /nix/store/by1dv5nfxzgvy5rcc07ll2biz9zvcmi1-junit-jupiter-params-5.10.2.module.drv
  /nix/store/q8sfvx66lk9zf4xsbw2fdq65bq74il3z-antlr4-runtime-4.13.0.jar.drv
  /nix/store/bzwfcx4rbhjs2wq1gx4qg1jd49g55gm0-antlr4-runtime-4.13.0.jar.drv
  /nix/store/ys4wj1j8xhzdqlwrdn3njjgw7kgv5k0q-apiguardian-api-1.1.2.module.drv
  /nix/store/c06w5q6rk0c9bgm4rg0iflj6sswaqvv8-apiguardian-api-1.1.2.module.drv
  /nix/store/ixljlxd4h6c6rna1r67jn7pn3axqnzng-spring-context-6.1.4.pom.drv
  /nix/store/c3nqqiycfbrw5ym1miawgahnx1xdfz0m-spring-context-6.1.4.pom.drv
  /nix/store/px70xdbvn2l436rmfah7r4y8l8y3h4a6-spring-web-6.1.4.module.drv
  /nix/store/r5c3si15rg2kzqpy6vshpzp57zbpn045-spring-web-6.1.4.pom.drv
  /nix/store/c4km8h77vlfwh5ad33j37cgnqi8gjvk4-spring-web-6.1.4.pom.drv
  /nix/store/f66la8vq57h8gq354g6k3wvn0a2zq5gn-project-1.0.8.pom.drv
  /nix/store/c614g5fyg31p9k4y8nlpp7kf507ylwhs-project-1.0.8.pom.drv
  /nix/store/bwwgfnj8qgap97wlbzjgl924vzds8yzz-jackson-bom-2.15.2.pom.drv
  /nix/store/c6fc9mk6ck84shj2q3i4qvzx9xj6j823-jackson-bom-2.15.2.pom.drv
  /nix/store/c82sx34k5x8qr30ngabihf2jhrfy3ziw-jackson-databind-2.14.2.module.drv
  /nix/store/ybf18ll2wvyg8akyjiflkm7wds3d6g3k-jaxb-core-4.0.4.jar.drv
  /nix/store/c9m6k33kj4g9nfw8r47axgwypmazgcgs-jaxb-core-4.0.4.jar.drv
  /nix/store/knn17kic6clxmh3aldypcdvlbxdnjs4m-android-json-0.0.20131108.vaadin1.pom.drv
  /nix/store/cahw570vhgcbny2b4lz298xz50fhfwzp-android-json-0.0.20131108.vaadin1.pom.drv
  /nix/store/cdl5mn4wmc69nrg9lccx3dvbakmrhjg8-log4j-to-slf4j-2.21.1.jar.drv
  /nix/store/cga283rd0hzrxqypzibmvv1kr0q52dpc-junit-bom-5.9.3.module.drv
  /nix/store/bydscdjdqn497qhn85ap1i25yq85yvka-spring-data-build-3.2.3.pom.drv
  /nix/store/cgjh9qzcicv8df76jhibmvcsh1jcldzb-spring-data-build-3.2.3.pom.drv
  /nix/store/ch5ca9wh7v22h5lawgvay185zs2lwf87-jackson-core-2.14.2.module.drv
  /nix/store/jw37as80kwxjg8dvqf18p0i4h0v7vgmk-commons-compress-1.24.0.pom.drv
  /nix/store/ch75w12bf2dm8k21ii82m9wx5sr7pdw9-commons-compress-1.24.0.pom.drv
  /nix/store/v94ka1fgb3l49s5xfwhdrghkgsl93091-duct-tape-1.0.8.pom.drv
  /nix/store/cl25z8c60f17fsbszjyb2fwqdz8mpfh5-duct-tape-1.0.8.pom.drv
  /nix/store/znvzx4psm0mj117aalwi1vg3h60ns9my-hibernate-core-6.4.4.Final.pom.drv
  /nix/store/cnzvrfwx4cc311cnb0ghwsi6nrg313q4-hibernate-core-6.4.4.Final.pom.drv
  /nix/store/cpyf4h7r76nrwgmi2fmv2jy0w9c8aifd-byte-buddy-1.14.12.jar.drv
  /nix/store/kfqgixmi7iyd10955s1xidqsbhv192nc-jackson-annotations-2.15.4.module.drv
  /nix/store/cszccvm9j85hw2d9k0x9ac41rzwy1x10-jackson-annotations-2.15.4.module.drv
  /nix/store/cz5mv5d8iypj1mb03bwmyb3l0nml75rq-spring-webmvc-6.1.4.module.drv
  /nix/store/d0invqgj4rdj9czpn6dsdc0lwf8183ln-spring-boot-dependencies-3.2.3.pom.drv
  /nix/store/fdlm5xw9cpdslyhbbrk3jbjsrm174rvk-selenium-bom-4.14.1.pom.drv
  /nix/store/d0jp57agn4zcfycv1zmjx7y1km54ya4q-selenium-bom-4.14.1.pom.drv
  /nix/store/a5z59hdpfyqm9j9f8i5kgr8l9vx3mm8a-spring-core-6.0.10.module.drv
  /nix/store/l9rx3ywqq3ynhzak65xzk2zfzx2ps5w7-spring-core-6.0.10.jar.drv
  /nix/store/d16fmkb5c3w7wymdik17vr0l6wf316jc-spring-core-6.0.10.jar.drv
  /nix/store/xlibg7r4dr8j82i8ws440h8jszj8k5k1-junit-platform-commons-1.10.2.jar.drv
  /nix/store/d2hx6nz2bf2ahjmrkmwisxi3qs0rygbc-junit-platform-commons-1.10.2.jar.drv
  /nix/store/jsd9vym5q0cpskv6gpx2x9cr85zz4qyv-spring-security-bom-6.2.2.module.drv
  /nix/store/lfxrzs3lychkji5rg2c8hjmrznf2wrzq-spring-security-bom-6.2.2.pom.drv
  /nix/store/d6djiksbpksap265az271qa1ls20jn4r-spring-security-bom-6.2.2.pom.drv
  /nix/store/xc16qnv7ns7hsl5d26kv6im75z3lrz9k-mockito-junit-jupiter-5.7.0.pom.drv
  /nix/store/dancs4rj5kmjn0zar98av4r9wabj5lhy-mockito-junit-jupiter-5.7.0.pom.drv
  /nix/store/z9jgk3n7mc4l2lyavr927h3m5m01v4k6-spring-tx-6.1.4.jar.drv
  /nix/store/db9bhj3kfn19rsnx5ws7jgfg9p6gnxnv-spring-tx-6.1.4.jar.drv
  /nix/store/kq9w8iklf4zjl0rsh8w7gs5pcc4gkihc-zipkin-reporter-bom-2.16.3.pom.drv
  /nix/store/dciwrk67jszix1fxabgvwvp1jpjbzpy2-zipkin-reporter-bom-2.16.3.pom.drv
  /nix/store/djpjpf68rimd62qw765339mqah4bqgjj-jakarta.inject-api-2.0.1.pom.drv
  /nix/store/k1jzynxl1ls01b1qddvp1xkzvqp893qd-spring-test-6.1.4.jar.drv
  /nix/store/dm5yzzvxjmvidjf4xmh5z8mlaswn95k3-spring-test-6.1.4.jar.drv
  /nix/store/dn0x2a8nslxr2vmidmz6mgrdf98p8nhb-spring-core-6.1.4.module.drv
  /nix/store/w241yghp9v6sqjkjn3h35l4318lfkjrp-antlr4-runtime-4.13.0.pom.drv
  /nix/store/dq4ljfrg11034vbdpxmky7nd0y2vllpm-antlr4-runtime-4.13.0.pom.drv
  /nix/store/n4f32x33vq5ldwdnbcp38xjbmbq215v5-mockito-core-5.7.0.jar.drv
  /nix/store/dxjvc7zkmad6l8k0gqd7h8kdnsvcyv54-mockito-core-5.7.0.jar.drv
  /nix/store/y88s4kixry1csm9apcgayvyqq63s8px5-jakarta.annotation-api-2.1.1.pom.drv
  /nix/store/dy46nmycdhf5mkqvplqyj8xki6vqlb91-jakarta.annotation-api-2.1.1.pom.drv
  /nix/store/dy76vyxhrgd3m4ckx756710ajiw50g82-junit-bom-5.9.1.module.drv
  /nix/store/wmd222wgjvdkrnkfckg0805cc1p2n2m4-istack-commons-4.1.2.pom.drv
  /nix/store/f5psfwgdr2rg9axqv5b9ymk30nkrlygl-istack-commons-4.1.2.pom.drv
  /nix/store/nacilf52q5kna3qm66ygd1n6rydp0aq7-xmlunit-core-2.9.1.pom.drv
  /nix/store/f7ahp7zbp10wivx1la51wrx1lx7fl4fd-xmlunit-core-2.9.1.pom.drv
  /nix/store/f7y6lnkq54rra1q37b7a1nnz0jc99dn6-json-path-2.9.0.module.drv
  /nix/store/c6qkx8sxxvr1r2wll5cz2y2pls7l3wrs-jackson-core-2.15.4.pom.drv
  /nix/store/y60f684mh70zvw192s56r8gmgd8bf2j3-jackson-core-2.15.4.module.drv
  /nix/store/f8jzpilrik490vz2k01672cnamib4rcy-jackson-core-2.15.4.pom.drv
  /nix/store/xbi3z3c8a4jq8vmi0s7zxawdhcc9sfws-docker-java-transport-zerodep-3.3.4.pom.drv
  /nix/store/f9z94i0h59cl7zh5b1i82m6sfhy92jx0-docker-java-transport-zerodep-3.3.4.pom.drv
  /nix/store/fkfgzwxflan632rnmxj84fr2hcidaiwz-spring-boot-starter-aop-3.2.3.module.drv
  /nix/store/l4karv003618hcmmfj04brr0diw6ah5q-junit-platform-engine-1.10.2.module.drv
  /nix/store/fr943jvlhvchid6pgzxyf2q31jw2jlfv-junit-platform-engine-1.10.2.pom.drv
  /nix/store/whn2d90ailf6mqdkk5zpr8g111cinspc-jackson-annotations-2.15.4.pom.drv
  /nix/store/fvqa2qm68csgl3crg7gxdj5dnm7mawsf-jackson-annotations-2.15.4.pom.drv
  /nix/store/szq25ady1hnwswhbi49q46sg8fsgi1sz-jaxb-txw-parent-4.0.4.pom.drv
  /nix/store/fz0lk66r4sgkxvrm1xfimm2kg1f72bz3-jaxb-txw-parent-4.0.4.pom.drv
  /nix/store/qwxlym8knbdgpl6sc5087xxgzmid10gv-spring-framework-bom-6.1.4.pom.drv
  /nix/store/g20isp0bqi3zynv0pp7ccah0rwb21q98-spring-framework-bom-6.1.4.pom.drv
  /nix/store/qvd200jn7d248nhilja61mb225qkq8sj-spring-amqp-bom-3.1.2.module.drv
  /nix/store/g4qafm28aaagdg9cdi2lvw3cz74x1liv-spring-amqp-bom-3.1.2.module.drv
  /nix/store/d8pwrqqg5n8vjndq35ahr0lpk79f5kvq-spring-test-6.1.4.pom.drv
  /nix/store/g4zi003rrckcrwaf6lab6pdiwzqsa4yh-spring-test-6.1.4.pom.drv
  /nix/store/f2n7cr2wy6hjjkr981zz180wlb5a8ahj-tomcat-embed-websocket-10.1.19.pom.drv
  /nix/store/g6hf5j6xfl8l9iy3zzmfmwryi04wf9z5-tomcat-embed-websocket-10.1.19.pom.drv
  /nix/store/yvac8sp121jmax9mfkhz5y2gcrvjlaci-tomlj-1.0.0.pom.drv
  /nix/store/g81wsfxkhd5c233dimijz8gwkf29qkhj-tomlj-1.0.0.pom.drv
  /nix/store/r0ijmrp8vw89v3265m2k6wh5n3qnwvd4-jdbc-1.19.5.pom.drv
  /nix/store/ga4i0gsz395yaxzvlazflmgzj2f46qd8-jdbc-1.19.5.pom.drv
  /nix/store/bkc4kvim3m6jqqvbbsai85lvgdylggq3-micrometer-bom-1.12.3.pom.drv
  /nix/store/ga6mmrjk1ryx079mnqxfjw132zv6miqv-micrometer-bom-1.12.3.pom.drv
  /nix/store/galbb6f8zkzly1361kskyd4spxdi1bz0-spring-expression-6.1.4.pom.drv
  /nix/store/ir46y6iwjrgkp12rziv9a3w9y1sv37mn-jackson-datatype-jsr310-2.15.4.module.drv
  /nix/store/xmp8z6cvsq8lvvdnk9zv0g2xak60sj2g-jackson-datatype-jsr310-2.15.4.pom.drv
  /nix/store/gc8qa5xaffmagr0sfyrmn7pygzf4p97h-jackson-datatype-jsr310-2.15.4.pom.drv
  /nix/store/dajwhphn175qvzh59draa9myrzxfn1zp-jackson-parent-2.15.pom.drv
  /nix/store/gfrblwfq4rygqwj3x9vf7kw2rl0m48lv-jackson-parent-2.15.pom.drv
  /nix/store/gsasy1lr7pcq09m28n5vy0ppbdvkijaa-spring-boot-starter-data-jpa-3.2.3.pom.drv
  /nix/store/mh5ky58iacd07n1yk1x6rx5gm3dv8bmx-spring-boot-autoconfigure-3.2.3.module.drv
  /nix/store/gvjjpjmjw62bi4mgly6ky43mfn3jm0l6-spring-boot-autoconfigure-3.2.3.module.drv
  /nix/store/dwhs7nnglqyryf2dgmdg8hqm3ky01vs0-junit-bom-5.9.2.pom.drv
  /nix/store/w09028pvbxynjz54g6fly2knrlfxy0yw-junit-bom-5.9.2.module.drv
  /nix/store/gvwxxgbladgmj0jkffr5qlr3drs08wjm-junit-bom-5.9.2.pom.drv
  /nix/store/8xn2l4ajq4fyk8pd2n9rcrlyvwllk9fs-jakarta.persistence-api-3.1.0.pom.drv
  /nix/store/gwmln7rjcqcgkn6zdz2p5bhbhn9fhgl7-jakarta.persistence-api-3.1.0.pom.drv
  /nix/store/gxfh82x56amahm422ynhkym9ldrwzi1n-log4j-2.21.1.pom.drv
  /nix/store/ribwb58z5wchlly7w4lhhk7j2v9l9ia6-commons-parent-61.pom.drv
  /nix/store/h0akgckc7qxa4bjqrs6nn893m9d5gsxb-commons-parent-61.pom.drv
  /nix/store/h0xj1177xs86r4908nvaffn9i9lpyv7k-infinispan-build-configuration-parent-14.0.24.Final.pom.drv
  /nix/store/h1x9ch1cmb2kb5m13x0rnmj9ddxplpjp-project-1.0.7.pom.drv
  /nix/store/cvklcbqj5z2pzszmggby6dgrpns70aq2-parent-0.16.0.pom.drv
  /nix/store/h3m7kdppnz0f53scqxd6abwaxkslwc4l-parent-0.16.0.pom.drv
  /nix/store/h3w3bw49fyng9lrinyvwdhgnhhxpmm52-junit-jupiter-params-5.10.2.pom.drv
  /nix/store/h472hfnwsa4dgcl01nncvb8fgmhv4xi2-reactor-bom-2023.0.3.module.drv
  /nix/store/h4g5pxpn02ypsa8kq3cl1yfckh982j0k-checker-qual-3.31.0.jar.drv
  /nix/store/yjxxbnnmx76f879rwyvq0dhn6zp84wr4-spring-boot-starter-test-3.2.3.jar.drv
  /nix/store/h6g0hx7zhy621j66c902ba4dnxgbs426-spring-boot-starter-test-3.2.3.jar.drv
  /nix/store/znq3mhz4c6yjyzsaa2aw6fg8ickiz5rl-testcontainers-1.19.5.jar.drv
  /nix/store/h6nx0z2x8allaxz5rlgypf9862yyd4vz-testcontainers-1.19.5.jar.drv
  /nix/store/arpa0dkl2yvshww8ldlfdxpr8dsgcvj4-querydsl-bom-5.0.0.pom.drv
  /nix/store/h8vvkx53yfkqdr2zfayd30fb8ylgkyjd-querydsl-bom-5.0.0.pom.drv
  /nix/store/firpw6gzwnfhkncnxxbw004kha81jrq0-spring-jdbc-6.1.4.module.drv
  /nix/store/kswjba8k6pf77n1zzhp9x3axw5s1ffa2-spring-jdbc-6.1.4.jar.drv
  /nix/store/hdwqhgn5z8pi7g5yx04zimd9z3lwhrdy-spring-jdbc-6.1.4.jar.drv
  /nix/store/qwmw9kl12lxdsiv99x8bbmclfy13175s-junit-jupiter-5.10.2.pom.drv
  /nix/store/hh4048z0gns7iqsxrfdxypwv7m7kmjrq-junit-jupiter-5.10.2.pom.drv
  /nix/store/lvwbgig8ipc366g9w51dgcp0ry28ric2-jboss-logging-3.5.3.Final.jar.drv
  /nix/store/hmq2dz3qfgbzwkn1mzlb3knvimkpfmm6-jboss-logging-3.5.3.Final.jar.drv
  /nix/store/dfhvvd1aiivsh664crwlg62zdk2l163y-junit-jupiter-1.19.5.pom.drv
  /nix/store/hswzp0888s7sxk48d99gc0kml0jkl1xg-junit-jupiter-1.19.5.pom.drv
  /nix/store/bqbvx8zvwi914rbn1i3x6rcciar32lld-kubernetes-client-bom-5.12.4.pom.drv
  /nix/store/hw0rkv5hldxv88w0p7x8mdcsyg2gjidn-kubernetes-client-bom-5.12.4.pom.drv
  /nix/store/hw3sk9gj1lsjvdb58las3p72sq0n2l30-apiguardian-api-1.1.2.jar.drv
  /nix/store/hy6kwc2py19163dcqmvjis01znnbgklr-spring-boot-starter-jdbc-3.2.3.module.drv
  /nix/store/g642dpcspgvnj2jp93prc88drdmf5ihb-annotations-17.0.0.pom.drv
  /nix/store/hzvmyh0r2kadilnq7j0kj46gyagi96x3-annotations-17.0.0.pom.drv
  /nix/store/8ja0s760xhvzijsnll1ykvq8p8wqmray-opentest4j-1.3.0.pom.drv
  /nix/store/i0c6f009x2zqh10h4l4qk88swj1ls6g5-opentest4j-1.3.0.pom.drv
  /nix/store/g9fiaxxpb746yj126nyb7ccrib8y1vmc-spring-boot-starter-aop-3.2.3.jar.drv
  /nix/store/i171j2is3bdj3zb7m6bxyacgdwbzf4d0-spring-boot-starter-aop-3.2.3.jar.drv
  /nix/store/d3x3g0byhg5y5yi3p0p6n3biqiq48g86-HikariCP-5.0.1.pom.drv
  /nix/store/i2p2bza6ybir1mwsf1wflzxa0wwrr48x-HikariCP-5.0.1.pom.drv
  /nix/store/i2wv5a5hi6yqwr36mlk7vk4262f7k312-rsocket-bom-1.1.3.pom.drv
  /nix/store/89z41vly50a6p3lr270wzn04ic99sv87-oss-parent-55.pom.drv
  /nix/store/i69qn0l2wji7bl9bbpqmn8mh2pyqi7bg-oss-parent-55.pom.drv
  /nix/store/f0rbvbl2mhi44629x3h74fpsgsplam51-spring-boot-3.2.3.jar.drv
  /nix/store/icmw4ph6y40nhg55l1fgrnq82mrrj5qd-spring-boot-3.2.3.jar.drv
  /nix/store/ighfpwaq3269w3nnh597m7rxzb8961q2-micrometer-tracing-bom-1.2.3.pom.drv
  /nix/store/xkrkwrb4lysdxirqzl39p49y09ypkv5n-spring-boot-test-autoconfigure-3.2.3.pom.drv
  /nix/store/ilrf2bm0zd9781nfp5vjnrvwg4570s0r-spring-boot-test-autoconfigure-3.2.3.pom.drv
  /nix/store/dhgrxbwf15rrxbaq3m24i24m4642l37n-spring-webmvc-6.1.4.pom.drv
  /nix/store/iqbr1wm74js97d8vam2fp5f4wi3mbd2z-spring-webmvc-6.1.4.pom.drv
  /nix/store/ay2q3gmfrn4cskwhv3lmdmqwhdndnhhw-spring-beans-6.1.4.pom.drv
  /nix/store/irj1xlp6cd46g4njln6bzzfaykibfnaw-spring-beans-6.1.4.pom.drv
  /nix/store/j0pqzcqybxds7rsb4y7sxp7v2i8cbj4d-jetty-bom-9.4.53.v20231009.pom.drv
  /nix/store/xdvcf41725vxvldc9qpfmvycd061vgzj-txw2-4.0.4.jar.drv
  /nix/store/j506xwn36kzz3ll40knkbczszq3m035r-txw2-4.0.4.jar.drv
  /nix/store/j645v3lgyl4rlv7hdrka5ybhbzsmbw4b-metrics-bom-4.2.25.pom.drv
  /nix/store/lnh1b12vwp2zxwv4qq324nnhzrnzbb27-junit-bom-5.9.3.pom.drv
  /nix/store/j6n3nrn64am5hqv6mqwk6sf3q2vhql57-junit-bom-5.9.3.pom.drv
  /nix/store/jcpbfmvgscj1zynpq8v90qzgmlhvlrdy-angus-activation-project-2.0.1.pom.drv
  /nix/store/jgqb5kyqfxbnpy87403qdc8gf2qi1nwr-spring-beans-6.1.4.module.drv
  /nix/store/jkl14dbxz0ak3pii199hs3p1y9ckcn36-opentest4j-1.3.0.module.drv
  /nix/store/f6zaj7cnf44vmjvk2zxsy3ynrz0vma9d-android-json-0.0.20131108.vaadin1.jar.drv
  /nix/store/jp46zyhv4xqrn0sbq4xr54if85h6vqpk-android-json-0.0.20131108.vaadin1.jar.drv
  /nix/store/plpq0bhwf0w0jpiky2jignk4kkrg4i0a-spring-framework-bom-5.3.29.pom.drv
  /nix/store/jvvkcmwvg4zbpr2zkgkrry33flg7wnrc-spring-framework-bom-5.3.29.pom.drv
  /nix/store/jw4mx6dnpbwnjzsxmjgsd5m5jaf8bv1q-spring-security-bom-6.2.2.module.drv
  /nix/store/va5rpl8kay7kpyfk7aa6d6cjg87v6dss-jaxb-runtime-parent-4.0.4.pom.drv
  /nix/store/jzd7zkp3z0ah56niw340a1ncxd3z4rg1-jaxb-runtime-parent-4.0.4.pom.drv
  /nix/store/yvms2cc9bxff8vggb96a8wqv150lcbrn-byte-buddy-parent-1.14.12.pom.drv
  /nix/store/k1gnm8i2ifq1ryj62csx76rbhp6q3zs2-byte-buddy-parent-1.14.12.pom.drv
  /nix/store/c3gm64yiwrxn345kvsv265m3fy1ahqkr-commons-parent-52.pom.drv
  /nix/store/k3mj4023xl698g4b0m75k0hsdw1dl2np-commons-parent-52.pom.drv
  /nix/store/k940136fxnap4pa553fwvd5qxrqlw6y3-httpcore5-parent-5.2.4.pom.drv
  /nix/store/jlajsf8wfs10hcm0bfkhlp7412fs514s-spring-aspects-6.1.4.module.drv
  /nix/store/kg8ap9ys8pbvb2lczdwa1h26i9f0z7h5-spring-aspects-6.1.4.pom.drv
  /nix/store/khwvhc14pgyk2zv88b09mynbqblfrywp-jackson-annotations-2.15.4.jar.drv
  /nix/store/ki6a28mkc1vmqkd71fxva07cmakd2b18-spring-boot-starter-3.2.3.module.drv
  /nix/store/gyb8vib6v5cm1d35zbwvj2z62an5s45f-accessors-smart-2.5.0.pom.drv
  /nix/store/klsxw90wyf8xxkn99zdsjx255vhxwlm3-accessors-smart-2.5.0.pom.drv
  /nix/store/raxfihyf41pdiin15qamj8wfpx3splxz-opentelemetry-bom-1.31.0.module.drv
  /nix/store/zb0abwm7irzjkm5brvdf0rlfwhnn56dw-opentelemetry-bom-1.31.0.pom.drv
  /nix/store/km17z4m19hnbyfq7ch2s97c4i8nfi2dz-opentelemetry-bom-1.31.0.pom.drv
  /nix/store/wf3g21cbglvphq9811raz8nnk1957nfw-junit-jupiter-engine-5.10.2.jar.drv
  /nix/store/kmfqfa6724k4apaa9yq8fw2ng6cchbym-junit-jupiter-engine-5.10.2.jar.drv
  /nix/store/knl03ssjxm57m5dy3i60033lc37cmv3g-opentelemetry-bom-1.31.0.module.drv
  /nix/store/dsk2fvihc9fnkbvhyiizh42ghdafbx31-micrometer-observation-1.12.3.jar.drv
  /nix/store/kzibhdsir9v383v8pyajg2m6d9agampw-micrometer-observation-1.12.3.jar.drv
  /nix/store/x721napw12g2abgpvwnqfy2iyr54fq5p-json-path-2.9.0.pom.drv
  /nix/store/kzybl9yy7n7blywr1sx1nfgjjv0aj4qy-json-path-2.9.0.pom.drv
  /nix/store/l0x135da6dl45n5k24sgh8kv9lrkansq-snakeyaml-2.2.pom.drv
  /nix/store/8q4mh84xz4nkk0p7mimx64aj5h215hif-log4j-api-2.21.1.jar.drv
  /nix/store/l3ba2mx2axx82gi8qcphlscnylsgywi5-log4j-api-2.21.1.jar.drv
  /nix/store/l473nsjcrbx5gpl32qpv9qkjhnz20sqr-spring-batch-bom-5.1.1.pom.drv
  /nix/store/gpix9csy2x6awivqk5r03ws9m3kz3p96-spring-boot-testcontainers-3.2.3.jar.drv
  /nix/store/l4skcjy6k0jx4bb1lwzb6a5kbxd1jcch-spring-boot-testcontainers-3.2.3.jar.drv
  /nix/store/bf71hq99idpdja85q1jly140q5ffihqf-byte-buddy-agent-1.14.12.pom.drv
  /nix/store/l66jmmqpn7yfb627gjsm8s4ssm4zhrfn-byte-buddy-agent-1.14.12.pom.drv
  /nix/store/rff2ryfz9106a7ig8gjbcpmp271h9g1v-jackson-datatype-jsr310-2.15.4.jar.drv
  /nix/store/lcv9941ycvl2wpgnbn5cx32pi1xd288x-jackson-datatype-jsr310-2.15.4.jar.drv
  /nix/store/lh5y9n80vxv3fh94591rsjgzld6ygaas-spring-web-6.1.4.module.drv
  /nix/store/li9dh4jcxkv35bpq63lx81nidkxs5g9w-micrometer-commons-1.12.3.jar.drv
  /nix/store/8kpn6v7s2fdfw92in0axszzbdac01h7h-spring-session-bom-3.2.1.module.drv
  /nix/store/wy8sg1w03xkcxcmzhp1fpmgsx4b03hrz-spring-session-bom-3.2.1.pom.drv
  /nix/store/llimkc4al946pgvh6wf8k2yygpynanmg-spring-session-bom-3.2.1.pom.drv
  /nix/store/lw4qjxhgargv4wpckm9pb70arix6w5xb-spring-boot-3.2.3.module.drv
  /nix/store/caj9ib9gvy4ibz2x6bgz4fp3dr8zi9al-awaitility-4.2.0.pom.drv
  /nix/store/lwdhvh98km3bbv6ckdcmppb0fbrmpk90-awaitility-4.2.0.pom.drv
  /nix/store/ly9lmb8d89padv4ika00dbz7y1j42i2w-spring-boot-starter-test-3.2.3.module.drv
  /nix/store/zvj08pqyb48wzg8dizcbx7ha3ms5c056-jackson-modules-java8-2.15.4.pom.drv
  /nix/store/lygy5pcslqkykc4c2pyjcgyq9ysgljz4-jackson-modules-java8-2.15.4.pom.drv
  /nix/store/m0syjnxzdiiclwngh2hjad194m7fizry-docker-java-transport-3.3.4.pom.drv
  /nix/store/m52gfn4j0d56wdb03x6j1sgbl1hlgl49-jakarta.persistence-api-3.1.0.jar.drv
  /nix/store/azdgyi3dy57180isiljzyaybi4xbq532-mockito-bom-4.11.0.pom.drv
  /nix/store/m7nlvf2rnpjkkdyvmr8calxp3kdl9cn5-mockito-bom-4.11.0.pom.drv
  /nix/store/ck5mycx4hns1y2w81313ggf4fswpn6bg-jackson-bom-2.15.3.pom.drv
  /nix/store/m9393angn724dfr532qd2v439n0xga04-jackson-bom-2.15.3.pom.drv
  /nix/store/f6spz9dgxj5q03gn8lvjc114sqpk6ims-oss-parent-48.pom.drv
  /nix/store/mc5y0342w0hddskqis8ax7l49n6ahs82-oss-parent-48.pom.drv
  /nix/store/r6f9qgbvdqrzcfs16zbkw0ch8rk2z65r-spring-data-jpa-3.2.3.jar.drv
  /nix/store/mf6sy2iin7drims0i48bbv5s33bsjgfi-spring-data-jpa-3.2.3.jar.drv
  /nix/store/xbkrnpf3zagfld7jfarvpl3yl0ngvg6d-micrometer-observation-1.12.3.pom.drv
  /nix/store/mk8v2xc110hg8icwsq5pnljdkgmrkw64-micrometer-observation-1.12.3.pom.drv
  /nix/store/v1m09apb6xb9yzmq1hipcfma0lxhnj18-docker-java-transport-3.3.4.jar.drv
  /nix/store/mms9kjwsn7dpbj3526hx26bhl0hzmg9a-docker-java-transport-3.3.4.jar.drv
  /nix/store/8bwsdsmjii9y62bq5jd0hl892hwcncg9-spring-jcl-6.1.4.pom.drv
  /nix/store/v2jhd05zb0dvpqq0403g2bvjcs8xaqfv-spring-jcl-6.1.4.module.drv
  /nix/store/n22mhkam8vhx0sa3xclsc905759cxln1-spring-jcl-6.1.4.pom.drv
  /nix/store/n3hg2vjgqmq8mlhfq541x8kg0c3h7768-spring-orm-6.1.4.pom.drv
  /nix/store/bllmqp4kb4nl52xl4k6zzh32ah3b2qsd-httpclient5-5.2.3.pom.drv
  /nix/store/n97plgkh60a9cpzh7nfflgz9qycq2zp6-httpclient5-5.2.3.pom.drv
  /nix/store/bmk9dkzh9akd1amxaakbnay49smgxlw8-simpleclient_bom-0.16.0.pom.drv
  /nix/store/n9n7aqw5cvyhpdn1jwrrp92k4nfgxbs5-simpleclient_bom-0.16.0.pom.drv
  /nix/store/nf0d6jbly5pdmd59lxdz659h2i9kswjm-antlr4-master-4.13.0.pom.drv
  /nix/store/ng118d6r2cn1az9iarq2knngg1bivc6s-database-commons-1.19.5.pom.drv
  /nix/store/z79921hb1icmm0bii6l6nh4vzb1b1ahf-httpcomponents-parent-13.pom.drv
  /nix/store/ngp8662slvzszs7xw2abayaw0ywa0m5h-httpcomponents-parent-13.pom.drv
  /nix/store/rl17b0sh957n7zacb9j00s76aikm5dzp-dependency-management-plugin-1.1.4.module.drv
  /nix/store/njs4r99q0g0rls67nfim99wp5qm8m18d-dependency-management-plugin-1.1.4.module.drv
  /nix/store/pw9r9z7x5ffbj718as0y3ik5887pvpnf-spring-boot-starter-json-3.2.3.pom.drv
  /nix/store/nq2lbh70snkv2hsxmlxdj7rzg1vmsykq-spring-boot-starter-json-3.2.3.pom.drv
  /nix/store/njjan37cxid1m80wal2wpd3jaacv7gdj-xmlunit-core-2.9.1.jar.drv
  /nix/store/nqli2r3849lhclbaja5rbrfa8mg95q18-xmlunit-core-2.9.1.jar.drv
  /nix/store/cdm3qqvhlxq8kqilm5xg78837lrk10k4-spring-boot-starter-data-jpa-3.2.3.jar.drv
  /nix/store/nqsrizq3zn4y7cxgxyv72iaqj1ip8z0h-spring-boot-starter-data-jpa-3.2.3.jar.drv
  /nix/store/mla8bx4s1nycraa797j1gn7w683f2asc-txw2-4.0.4.pom.drv
  /nix/store/nwdx2hxlf9ps3kywwkvzjm9wahsa8ks6-txw2-4.0.4.pom.drv
  /nix/store/blc6al4pqqh9g09b0gc07i4kh3bbvin7-micrometer-commons-1.12.3.pom.drv
  /nix/store/nwwd6pyy6clsh91drxmrir85sd5zk0vz-micrometer-commons-1.12.3.pom.drv
  /nix/store/nybjj2jbszjkgwq0yzxrr5ga5mn0qj7w-spring-web-6.1.4.jar.drv
  /nix/store/q0yn5923blkaqn6lsz0xjlzgxfqai2hc-spring-boot-autoconfigure-3.2.3.jar.drv
  /nix/store/p164p8ai40cp200imx1mn5s9ygbz72md-spring-boot-autoconfigure-3.2.3.jar.drv
  /nix/store/rfgp0917gl3jz8g8bgk00wdpsm1higdp-junit-4.13.2.pom.drv
  /nix/store/p1ry22sbwxy0h2v82n5d254qmiakcdnk-junit-4.13.2.pom.drv
  /nix/store/k6dp6f548275jh79y500i5w5nk6584vw-checker-qual-3.31.0.pom.drv
  /nix/store/p3lg2xz0gzmipdc7mykm393daxjz9rmb-checker-qual-3.31.0.pom.drv
  /nix/store/jvnyfg44j7spnwlnw4jlnfribajd6lh2-jaxb-parent-4.0.4.pom.drv
  /nix/store/p5y2bxwa2zm2ifvbpjscb60hkypqbdjz-jaxb-parent-4.0.4.pom.drv
  /nix/store/p6z640giv5f3xk0gjfnrwzq0m5sy7zsk-spring-boot-starter-data-jpa-3.2.3.module.drv
  /nix/store/c0glddgb00ckmzkz72v9z727nxghf9hk-brave-bom-5.16.0.pom.drv
  /nix/store/pdhqd0q7jcw1xc024c2wkyfcyv8fvy4j-brave-bom-5.16.0.pom.drv
  /nix/store/99f0pcs12akb7md5d5ia4z6pz8l9i15i-spring-boot-test-3.2.3.jar.drv
  /nix/store/pn69jqcyga2s8i3xb66n9rl5vk77h7k2-spring-boot-test-3.2.3.jar.drv
  /nix/store/prfa6wxqrp5hdfcq37j270dl97bl1bn5-spring-boot-gradle-plugin-3.2.3.module.drv
  /nix/store/pvnq4nvllk7iygbmibb4hvhrvdi0lbzp-jackson-core-2.15.4.module.drv
  /nix/store/pxsmmjn3m0fg31fz5q634r8halcdlwlg-jackson-core-2.15.4.jar.drv
  /nix/store/pybqwpjlv1bzy00b3i8b89n0msmlbcy1-spring-boot-starter-web-3.2.3.module.drv
  /nix/store/pzpgvrd9xg4qyrnwbhr0ayd7zj850h4x-jackson-bom-2.15.4.pom.drv
  /nix/store/jm5fn45aq11c13fkjpaca9g0ixr721fv-spring-amqp-bom-3.1.2.pom.drv
  /nix/store/q0dk47yl83j9fh6bg0idk4fdlx9qimjp-spring-amqp-bom-3.1.2.pom.drv
  /nix/store/fx0rxly51b9vmdxg6idp8n1nj31kw10p-metrics-parent-4.2.25.pom.drv
  /nix/store/q1vbxmgb5la9p799fpmhxa6xk0p1gxfg-metrics-parent-4.2.25.pom.drv
  /nix/store/q3gdzbsdkvpj969l24g3z62dxjh0k2wj-byte-buddy-agent-1.14.12.jar.drv
  /nix/store/q57sgwfiblpyhqas1rvgbg3dw7ylnncy-jackson-datatype-jsr310-2.15.4.module.drv
  /nix/store/cx4q9hmkvi6qxig66f9l1gvnrzd9ca6w-kotlinx-coroutines-bom-1.7.3.pom.drv
  /nix/store/q5fksili9q4wiy4vybr4fdffhf68cya4-kotlinx-coroutines-bom-1.7.3.pom.drv
  /nix/store/mfnalr7jjsx5m2s2wi8cmhxbylrbiydv-junit-platform-commons-1.10.2.pom.drv
  /nix/store/q697dnbg5124k46qg4il2mpy6qazgb6f-junit-platform-commons-1.10.2.pom.drv
  /nix/store/rps1zznpawfnmdnlff9kh4ws7y8h6993-logback-parent-1.4.14.pom.drv
  /nix/store/q6wldsds1gz44g4nc41mvbj2il8wd78v-logback-parent-1.4.14.pom.drv
  /nix/store/q7adqyd8679d0hspaclr4sncpzn2l8az-junit-bom-5.9.2.module.drv
  /nix/store/q7jpb9h4x6183m3b19155yjz8x8hr7yg-database-commons-1.19.5.jar.drv
  /nix/store/9r495cq62hjs6ywrgk51y50lp3bh3maf-spring-data-commons-3.2.3.pom.drv
  /nix/store/q7ma96g3sn1y33fn19mjg2nva9xn4jgd-spring-data-commons-3.2.3.pom.drv
  /nix/store/q7ybiskfvvb02asany8disbzg1bzy310-smallrye-build-parent-39.pom.drv
  /nix/store/d7l37x7xirz77jx8irpyqlngbr1qdrp0-spring-jcl-6.1.4.jar.drv
  /nix/store/q8cd3znf9skfzbmzvx3xk4pgamdcgg9l-spring-jcl-6.1.4.jar.drv
  /nix/store/qbx6pqvbsgggw33hij583a6k8x7iwdrs-spring-jcl-6.0.10.module.drv
  /nix/store/vy0a0d8ws3v4q36hinkk0nr6gjvslhr9-rest-assured-bom-5.3.2.pom.drv
  /nix/store/qc1bdhq5n263qygjmirn9c25ldywq9a5-rest-assured-bom-5.3.2.pom.drv
  /nix/store/ijwdr5fl2j297zzsv3r5wsam3amsq52c-spring-data-jpa-3.2.3.pom.drv
  /nix/store/qhnjyxjhdr7g8f9j84zbzwgxxswagslm-spring-data-jpa-3.2.3.pom.drv
  /nix/store/h6gy17ixn5wijs4pdws4fh0yflxn9wrf-slf4j-api-2.0.12.pom.drv
  /nix/store/qjlwrsl63cc23siz7gk0pw799bvyb96d-slf4j-api-2.0.12.pom.drv
  /nix/store/xngypm5fcgzz8kmdavnrzycbgb57r87p-spring-boot-buildpack-platform-3.2.3.module.drv
  /nix/store/ql7fwc1wmy3ylxkj2vgdn6r9h2grp6xw-spring-boot-buildpack-platform-3.2.3.module.drv
  /nix/store/db6q4276fblnkz5nl3h026zs05ig4yw0-jackson-databind-2.15.4.pom.drv
  /nix/store/qnva4plmz71bgryd1v2fizgwhfyachm4-jackson-databind-2.15.4.pom.drv
  /nix/store/qpf7609qxx8girfqk6x9fdn5cznjc3qa-istack-commons-runtime-4.1.2.pom.drv
  /nix/store/q9ja0jcnzfbmfyh0f4vlfjq59fpgnd7j-jandex-3.1.2.jar.drv
  /nix/store/qqq616jw08isiv09q2ik96zf2fca9cwx-jandex-3.1.2.jar.drv
  /nix/store/y8amdz4ksx60qdnbp7s3hp99ajzvn2xi-postgresql-42.6.1.pom.drv
  /nix/store/qw2f0d5qgi7f840vb8sqi7af5a7r80q7-postgresql-42.6.1.pom.drv
  /nix/store/r097zzmnhxxihxvn7fsgzgi3q2k18zzy-kotlinx-serialization-bom-1.6.3.pom.drv
  /nix/store/fvxzfcrxknbw3ily38ngzf59lhnycdjz-tomcat-embed-core-10.1.19.pom.drv
  /nix/store/r3w5fjsgk2xwf16zlafwi9hsh10zzf7m-tomcat-embed-core-10.1.19.pom.drv
  /nix/store/s7nkxscci3l5hbhmliwzc5arbnhkqa3g-netty-bom-4.1.107.Final.pom.drv
  /nix/store/r67bq9m5vdkvs1qz5l0s622b21i2ig8c-netty-bom-4.1.107.Final.pom.drv
  /nix/store/d5bs0zlhgf4dn2a7bddn7pz4k2yp5dcc-jsr305-3.0.2.pom.drv
  /nix/store/r7h86c8kp3fw6q1g7ladb3ja3z7dn9va-jsr305-3.0.2.pom.drv
  /nix/store/8yc8zbrrrps1zgh8xccnxi52kp1zzd5s-jackson-datatype-jdk8-2.15.4.pom.drv
  /nix/store/r9fyrvzsfwmkqscxhqdq1784mwwfjwkf-jackson-datatype-jdk8-2.15.4.pom.drv
  /nix/store/mxc6cadalb1jgbcniy1yyvrdyg7m75s2-jetty-bom-12.0.6.pom.drv
  /nix/store/raid1i55vbr8xayxfsb5vnv72lgqnp4s-jetty-bom-12.0.6.pom.drv
  /nix/store/a023n5cppy1k5qm862mdanzid6bgrdbh-httpcore5-h2-5.2.4.jar.drv
  /nix/store/rasywala41gc5mrvpnbj15i098i3zrqj-httpcore5-h2-5.2.4.jar.drv
  /nix/store/hfsnkzhnjbccqmixy2j8yyzzdxf1nfc3-spring-boot-test-3.2.3.pom.drv
  /nix/store/ri1560rrhlkd24wskfb8hv26401x2d63-spring-boot-test-3.2.3.pom.drv
  /nix/store/gqpf2z7941lmgvxs012wb36h83ncfvnc-jakarta.transaction-api-2.0.1.jar.drv
  /nix/store/rl8m5kvhvgbnv3yr687jaj22a88648r6-jakarta.transaction-api-2.0.1.jar.drv
  /nix/store/rpr3c5g7vhhjpyvzqsq5adg8qvlbhi2s-spring-jdbc-6.1.4.module.drv
  /nix/store/rjxmb3hssfd71rd9k76hf10sxsr89p66-awaitility-4.2.0.jar.drv
  /nix/store/rsbqhcc6wdim94k7z6vp4zqf400kswgl-awaitility-4.2.0.jar.drv
  /nix/store/pk2jz6w19kz84awm1vm88927zipf0b67-spring-aspects-6.1.4.jar.drv
  /nix/store/s06fsd6xb5nxh8810gav4iqy2jz47hb8-spring-aspects-6.1.4.jar.drv
  /nix/store/s24cyp2k9dn47vshlv8wcgannb9597cm-logback-classic-1.4.14.pom.drv
  /nix/store/s3mjcb6gis3yydq53g928lnwg59nmvps-jackson-module-parameter-names-2.15.4.module.drv
  /nix/store/h277qyna4bky4saskvak35y3halgn3n0-testcontainers-bom-1.19.5.pom.drv
  /nix/store/s8jc7a9iq5iavikk9cmbvmcsmaf0d7av-testcontainers-bom-1.19.5.pom.drv
  /nix/store/wzxj5w0zdyy9pxckk4igvmsmc2w0vivg-junit-platform-engine-1.10.2.jar.drv
  /nix/store/sb0nimwmf7gy47jhc0v48ss5dqjvf4av-junit-platform-engine-1.10.2.jar.drv
  /nix/store/w2i70z7bw8vg76vl9ilzkp6930jfhx30-spring-boot-starter-3.2.3.pom.drv
  /nix/store/sj0fb4qv1hcwgy3im8y0kvfmbnai86ws-spring-boot-starter-3.2.3.pom.drv
  /nix/store/srdb6g593w6g1ah40mp2dhay3ifbb0r1-spring-boot-buildpack-platform-3.2.3.jar.drv
  /nix/store/x2q304zr9jdv7y48wdshvjgb91lxl64l-jakarta.jakartaee-bom-9.1.0.pom.drv
  /nix/store/srj4lnp8n1w3pvd3qai5fhpiil62g3dd-jakarta.jakartaee-bom-9.1.0.pom.drv
  /nix/store/sv130pa4i5yllk02agkway818j0xkmzk-spring-expression-6.1.4.module.drv
  /nix/store/gbkmf01yhjvq22a4q1jicsblfhar1j19-slf4j-bom-2.0.12.pom.drv
  /nix/store/szmb289dbq9cp1j5jhs2xfszkkiqjkk9-slf4j-bom-2.0.12.pom.drv
  /nix/store/91qydi39wdi12cvnk2vwqng70nwy6qc7-tomcat-embed-el-10.1.19.jar.drv
  /nix/store/v27751silxmyj26d9vnxws2vwq6fn2fj-tomcat-embed-el-10.1.19.jar.drv
  /nix/store/v4k5ny6in2xyr4x57jp7c9r79yiva47l-jackson-parent-2.14.pom.drv
  /nix/store/v7qndpyjsjf8y3sc04c47cj2kwl055c6-jandex-3.1.2.pom.drv
  /nix/store/vbwlhmrmhdn0vlzbfqi6cwwjmgf43kn0-docker-java-api-3.3.4.jar.drv
  /nix/store/apknn70lb9qdvgds5i41gjs83n9gr6f6-ojdbc-bom-21.9.0.0.pom.drv
  /nix/store/vcb1kb73216d829mbyh3knvp4la3ai0j-ojdbc-bom-21.9.0.0.pom.drv
  /nix/store/vdzy3s2bxrr950vpgwss98aa0pk83212-jakartaee-api-parent-9.1.0.pom.drv
  /nix/store/vfcdpxi5nd7603izr7bkhm39pizl4i67-jakarta.xml.bind-api-4.0.1.jar.drv
  /nix/store/r215wgd7fxdgi3hbkadjn8iy1qqj0bs8-angus-activation-2.0.1.jar.drv
  /nix/store/vh5h5x8nni2fy5ap7bgarldrcyd532b1-angus-activation-2.0.1.jar.drv
  /nix/store/vqasf72rplrsxd9864v5yvwkv1dc440c-mockito-core-5.7.0.pom.drv
  /nix/store/vhv8yg5widz576srjbrgvx2cwib3756f-mockito-core-5.7.0.pom.drv
  /nix/store/9drbdg0ij41wy1b3fn3qx96rfpisi1xb-jakarta.annotation-api-2.1.1.jar.drv
  /nix/store/vj6xzfjm0p6mcbv5m2a5klykszcs6qb7-jakarta.annotation-api-2.1.1.jar.drv
  /nix/store/i40bvvqz7xaydq6pi5lavmng23bk4dp1-junit-bom-5.10.2.pom.drv
  /nix/store/p9l3ppl4qn33zg2jv9ghqr33jv07z65g-junit-bom-5.10.2.module.drv
  /nix/store/vmdf69pyc57nyc78wdwqj6sxgfbp60rp-junit-bom-5.10.2.pom.drv
  /nix/store/zbfn90mzfif9m4rfmdzsn5clqdam2biq-asm-9.3.pom.drv
  /nix/store/vq92wmpwjc11k6hiwwgj3f2xxjfrd0c7-asm-9.3.pom.drv
  /nix/store/y564w8zw3m4l5fh01f95ch769wm99w75-hibernate-commons-annotations-6.0.6.Final.jar.drv
  /nix/store/vvwql8fnb87kf5xjw4r6laljq83xyx9k-hibernate-commons-annotations-6.0.6.Final.jar.drv
  /nix/store/w1i64214qbg9wmvf3dgq9szj8pvrgdhc-junit-jupiter-params-5.10.2.jar.drv
  /nix/store/v25aq7ga7s8c6agahnwhf5q0lsnivc44-awaitility-parent-4.2.0.pom.drv
  /nix/store/w2h8vj31vl6pgh118ljkdiv1jwiyb6sy-awaitility-parent-4.2.0.pom.drv
  /nix/store/z3vhm1xbrmn23jkf795c12g3hblnqxsx-postgresql-1.19.5.jar.drv
  /nix/store/wbayspfvsgpm7gzdfgg49kzpkba5n1ll-postgresql-1.19.5.jar.drv
  /nix/store/wiqpcibi2k3g72x0frn19rmck9v1z8af-aspectjweaver-1.9.21.jar.drv
  /nix/store/wl1d5hyybc5y6ads53i9ha0wpilsg9bn-spring-session-bom-3.2.1.module.drv
  /nix/store/mslv0pd1rh2rgbh3fmcnkgm2ap6xb3qm-jboss-parent-39.pom.drv
  /nix/store/wlk5bbh1xzmppc6fjb2lws595fpy05c0-jboss-parent-39.pom.drv
  /nix/store/ig5jh0yazqdg1xs5nbjjkmw4ns8axm4g-dependency-management-plugin-1.1.4.jar.drv
  /nix/store/wlw0nif7l3rvsaxfazqw25fwzi8iy1j4-dependency-management-plugin-1.1.4.jar.drv
  /nix/store/wqlzc6g68wmyzf6lh6vc1qnjyqijlax3-spring-boot-autoconfigure-3.2.3.pom.drv
  /nix/store/xzanm2yry94wfjlz95fsq64rpvslgw7x-logback-classic-1.4.14.jar.drv
  /nix/store/wqyygx1pfmc49rbmk9fbj7ljig02xy3n-logback-classic-1.4.14.jar.drv
  /nix/store/adjv35wy3mym393fdnifici89yk1mp7n-spring-jdbc-6.1.4.pom.drv
  /nix/store/wrh5v9bqa6biq0yczl18gxvp65g6mvpw-spring-jdbc-6.1.4.pom.drv
  /nix/store/wxwrqpfin8p63fgi8x5r665k8l90k6sm-jna-platform-5.13.0.pom.drv
  /nix/store/wzqxh17zpivdinx7jkmzr86c1f3p48qf-spring-aop-6.1.4.module.drv
  /nix/store/x0g91cicz8yz8jwccdb4f4yzm32fz3y7-jaxb-core-4.0.4.pom.drv
  /nix/store/vic40wmj27vz44r6azhppwcmvr6g4ml5-spring-data-commons-3.2.3.jar.drv
  /nix/store/x3k085lnzmwsbps1ywz6czizifir5dxi-spring-data-commons-3.2.3.jar.drv
  /nix/store/czrsx9f4k8fwffjdrsbwn6g6v96fqyqd-jul-to-slf4j-2.0.12.pom.drv
  /nix/store/x4wcwnshbrj7kbl68njx4wqc4mw2gwli-jul-to-slf4j-2.0.12.pom.drv
  /nix/store/x5y635fiivzxxlz1vlda3ahf2vsnd2am-jackson-databind-2.15.4.module.drv
  /nix/store/m1ldzpfwrbnx0i2bd000r77i9392dxac-classmate-1.6.0.pom.drv
  /nix/store/xbi5ya2v7klxkayf72y9929vwxmpm46v-classmate-1.6.0.pom.drv
  /nix/store/xc83y6cx64nmyw2dsjv2n9rx3lka4bbz-spring-aspects-6.1.4.module.drv
  /nix/store/xl44rzp3abligzj353qprnp1lapzrlj2-spring-jcl-6.1.4.module.drv
  /nix/store/r7pmj98nh8d4by2yhr0rwykfndflahc8-testcontainers-1.19.5.pom.drv
  /nix/store/xwwi3a26ysp88k435689b3njm14d8xzd-testcontainers-1.19.5.pom.drv
  /nix/store/bb6475g68g4ib39qjjcmfad1fzm78xp0-ow2-1.5.1.pom.drv
  /nix/store/xyhnq71r0mn6021yx9bvykc24ha60f6s-ow2-1.5.1.pom.drv
  /nix/store/y2hn9ikw47phcgwv11v64583mfyrpbwj-spring-jcl-6.0.10.pom.drv
  /nix/store/rs0yx8d6mys80h9lppzv2wr8ybkc9r9g-slf4j-parent-2.0.12.pom.drv
  /nix/store/y5qpw4saiq1jdmyxdab6im3r4jhf7fcl-slf4j-parent-2.0.12.pom.drv
  /nix/store/ch4s8gyl84z278y5rjxjy4vh2ilswsg1-postgresql-42.6.1.jar.drv
  /nix/store/y96917drqrk27c9sv4sasgg0rjdfpnk7-postgresql-42.6.1.jar.drv
  /nix/store/hw32dppli4rd6pp9qj01qfscmnqvb6b5-commons-compress-1.21.jar.drv
  /nix/store/y9byj47p35zb6n2lf2gznqnfgw6y4rbs-commons-compress-1.21.jar.drv
  /nix/store/lvxvyqfmmz5mgr4f6d6wki35qgc4v65y-junit-jupiter-5.10.2.jar.drv
  /nix/store/y9zy9i4j16xd3qh5b7rnm7ia2xf96aga-junit-jupiter-5.10.2.jar.drv
  /nix/store/ygq1kh0wmxvc014gd59n4w0jms3w7cg1-istack-commons-runtime-4.1.2.jar.drv
  /nix/store/yi9ck4d9fiyc5gbh7s1l1s68f3gywips-logback-core-1.4.14.jar.drv
  /nix/store/yqss3jrqwf5djmgx58kkk5k149vqz4mh-httpclient5-parent-5.2.3.pom.drv
  /nix/store/yr4lkh4xlia1j0k6hdvl66l016q6q6np-apache-23.pom.drv
  /nix/store/wica7baz851ap9nzch1bclj7v062w4wh-jackson-base-2.15.4.pom.drv
  /nix/store/ysnvc16f1ryp0g03984hz4vq41fzm02x-jackson-base-2.15.4.pom.drv
  /nix/store/b8z4d2akhdixjx8f2x6vmcwrxs9dvwx9-jsonassert-1.5.1.pom.drv
  /nix/store/yzai75w4nnm1hp0ipm4lx19bd7rbghch-jsonassert-1.5.1.pom.drv
  /nix/store/k0i6vs8wcran6kh0kyb6ln1jgr91f64m-httpclient5-5.2.3.jar.drv
  /nix/store/z6zaa45qqba7p4vhbbcdaav858ad75ks-httpclient5-5.2.3.jar.drv
  /nix/store/vmp63kl2vq1rvvz630f92gshq7lhf3vz-assertj-bom-3.24.2.pom.drv
  /nix/store/z83iqa22pqhswz4kskjvmpff1falhzs0-assertj-bom-3.24.2.pom.drv
  /nix/store/a38y8pcvqf9j6dacqiw9y122kjnmw1nz-accessors-smart-2.5.0.jar.drv
  /nix/store/zaq3khl885sk1zv9qdxaf28bbyccy9pk-accessors-smart-2.5.0.jar.drv
  /nix/store/zcq6r4vpdczp0k6hm6s7bp8ysp0k2vr6-slf4j-api-2.0.12.jar.drv
  /nix/store/9666791x9p1bcqi7a5wi975glkgz6z5m-jakarta.activation-api-2.1.2.pom.drv
  /nix/store/zd5mc51w2zbz9axncfd33fzx037yxicn-jakarta.activation-api-2.1.2.pom.drv
  /nix/store/c3yqxq0hj28yrngyp93wfsifyjb6k2gl-spring-data-parent-3.2.3.pom.drv
  /nix/store/zgv48faprzz71844bxnfpqna87v6kgv0-spring-data-parent-3.2.3.pom.drv
  /nix/store/zkdhswfh1agygmljy1fnih9pblrqzimp-junit-jupiter-1.19.5.jar.drv
  /nix/store/n65wbq67fq23rs2lp0v7bw8xl55crzdc-junit-jupiter-api-5.10.2.jar.drv
  /nix/store/zmjyrdvghkgxv4wvv3v9lakpyf7ghdc3-junit-jupiter-api-5.10.2.jar.drv
  /nix/store/zryri2ba3c1d4lwmgrymlgl1vy9gi2g8-spring-core-6.0.10.module.drv
  /nix/store/zssl8jcq7xfb2qpw7gc95mhl2z1mlzba-annotations-17.0.0.jar.drv
  /nix/store/sjwlv44d4r14r3d185wp4ql04x11wkak-tomcat-embed-websocket-10.1.19.jar.drv
  /nix/store/zwrg9gkbji050da6yic7nrp44wzd6k06-tomcat-embed-websocket-10.1.19.jar.drv
  /nix/store/zwy2zm8v7j88517549zz2cmx616pms67-junit-platform-engine-1.10.2.module.drv
  /nix/store/zybxc7c8zlvyxghr9pq05whbkbn6bbls-junit-bom-5.10.2.module.drv
  /nix/store/zzvnj42whjdjr2bm2i8b5l3d0dz362bq-jackson-module-parameter-names-2.14.2.module.drv
  /nix/store/86j8d0ip418kz4dkbmq0fjsab2pdyprq-maven-repo.drv
  /nix/store/banxwk0nqfl35k1b2rw1l6a5h5mhbpp8-init.gradle.kts.drv
  /nix/store/gw4m6fg12kizwjnbi91zd49jhxm5i0mp-inventory-backend.drv
building '/nix/store/y2hn9ikw47phcgwv11v64583mfyrpbwj-spring-jcl-6.0.10.pom.drv'...
building '/nix/store/jbbf98n73ngmpk5vwdkcwgr7ddn94y1i-HikariCP-5.0.1.jar.drv'...
building '/nix/store/d3x3g0byhg5y5yi3p0p6n3biqiq48g86-HikariCP-5.0.1.pom.drv'...
building '/nix/store/a38y8pcvqf9j6dacqiw9y122kjnmw1nz-accessors-smart-2.5.0.jar.drv'...
building '/nix/store/gyb8vib6v5cm1d35zbwvj2z62an5s45f-accessors-smart-2.5.0.pom.drv'...
building '/nix/store/f6zaj7cnf44vmjvk2zxsy3ynrz0vma9d-android-json-0.0.20131108.vaadin1.jar.drv'...
building '/nix/store/knn17kic6clxmh3aldypcdvlbxdnjs4m-android-json-0.0.20131108.vaadin1.pom.drv'...
building '/nix/store/r215wgd7fxdgi3hbkadjn8iy1qqj0bs8-angus-activation-2.0.1.jar.drv'...
building '/nix/store/cg2niiajb3mkxc8ql5cvx53zgza0yc20-angus-activation-2.0.1.pom.drv'...
building '/nix/store/00kvlsj51brk3mz0dp5wr111gjzrwfgi-angus-activation-project-2.0.1.pom.drv'...
spring-jcl> Running phase: unpackPhase
spring-jcl> unpacking source archive /nix/store/hb2gvpllqs5kxj6pj51rl2fqnrpxcf26-3rn3aq3mxc2w9zs33l8gm99a5dj83dqm-source
spring-jcl> source root is 3rn3aq3mxc2w9zs33l8gm99a5dj83dqm-source
spring-jcl> Running phase: patchPhase
spring-jcl> Running phase: updateAutotoolsGnuConfigScriptsPhase
spring-jcl> Running phase: configurePhase
spring-jcl> no configure script, doing nothing
spring-jcl> Running phase: buildPhase
spring-jcl> no Makefile or custom buildPhase, doing nothing
spring-jcl> Running phase: installPhase
spring-jcl> Running phase: fixupPhase
spring-jcl> checking for references to /private/tmp/nix-build-spring-jcl-6.0.10.pom.drv-0/ in /nix/store/2zv852y8nvy9jpyq7yxpb9qdj77jyhkj-spring-jcl-6.0.10.pom...
spring-jcl> patching script interpreter paths in /nix/store/2zv852y8nvy9jpyq7yxpb9qdj77jyhkj-spring-jcl-6.0.10.pom
linking '/nix/store/2zv852y8nvy9jpyq7yxpb9qdj77jyhkj-spring-jcl-6.0.10.pom/org/springframework/spring-jcl/6.0.10/spring-jcl-6.0.10.pom' to '/nix/store/.links/1yf6npsyr18y2bj883wb67fi3f63kaxc0sn6w9n3mkqfs4xp18a8'
building '/nix/store/07842sws83cipqrh2wxcx37d7j9crvn1-annotations-17.0.0.jar.drv'...
HikariCP> Running phase: unpackPhase
HikariCP> unpacking source archive /nix/store/hb2gvpllqs5kxj6pj51rl2fqnrpxcf26-3rn3aq3mxc2w9zs33l8gm99a5dj83dqm-source
HikariCP> source root is 3rn3aq3mxc2w9zs33l8gm99a5dj83dqm-source
HikariCP> Running phase: patchPhase
HikariCP> Running phase: updateAutotoolsGnuConfigScriptsPhase
HikariCP> Running phase: configurePhase
HikariCP> no configure script, doing nothing
HikariCP> Running phase: buildPhase
HikariCP> no Makefile or custom buildPhase, doing nothing
HikariCP> Running phase: installPhase
HikariCP> Running phase: unpackPhase
HikariCP> unpacking source archive /nix/store/hb2gvpllqs5kxj6pj51rl2fqnrpxcf26-3rn3aq3mxc2w9zs33l8gm99a5dj83dqm-source
HikariCP> source root is 3rn3aq3mxc2w9zs33l8gm99a5dj83dqm-source
HikariCP> Running phase: patchPhase
HikariCP> Running phase: updateAutotoolsGnuConfigScriptsPhase
HikariCP> Running phase: configurePhase
HikariCP> no configure script, doing nothing
HikariCP> Running phase: buildPhase
HikariCP> no Makefile or custom buildPhase, doing nothing
HikariCP> Running phase: installPhase
accessors-smart> Running phase: unpackPhase
accessors-smart> unpacking source archive /nix/store/hb2gvpllqs5kxj6pj51rl2fqnrpxcf26-3rn3aq3mxc2w9zs33l8gm99a5dj83dqm-source
accessors-smart> source root is 3rn3aq3mxc2w9zs33l8gm99a5dj83dqm-source
accessors-smart> Running phase: patchPhase
accessors-smart> Running phase: updateAutotoolsGnuConfigScriptsPhase
accessors-smart> Running phase: configurePhase
accessors-smart> no configure script, doing nothing
accessors-smart> Running phase: buildPhase
accessors-smart> no Makefile or custom buildPhase, doing nothing
accessors-smart> Running phase: installPhase
accessors-smart> Running phase: unpackPhase
accessors-smart> unpacking source archive /nix/store/hb2gvpllqs5kxj6pj51rl2fqnrpxcf26-3rn3aq3mxc2w9zs33l8gm99a5dj83dqm-source
accessors-smart> source root is 3rn3aq3mxc2w9zs33l8gm99a5dj83dqm-source
accessors-smart> Running phase: patchPhase
accessors-smart> Running phase: updateAutotoolsGnuConfigScriptsPhase
accessors-smart> Running phase: configurePhase
accessors-smart> no configure script, doing nothing
accessors-smart> Running phase: buildPhase
accessors-smart> no Makefile or custom buildPhase, doing nothing
accessors-smart> Running phase: installPhase
android-json> Running phase: unpackPhase
android-json> unpacking source archive /nix/store/hb2gvpllqs5kxj6pj51rl2fqnrpxcf26-3rn3aq3mxc2w9zs33l8gm99a5dj83dqm-source
android-json> source root is 3rn3aq3mxc2w9zs33l8gm99a5dj83dqm-source
android-json> Running phase: patchPhase
android-json> Running phase: updateAutotoolsGnuConfigScriptsPhase
android-json> Running phase: configurePhase
android-json> Running phase: unpackPhase
android-json> unpacking source archive /nix/store/hb2gvpllqs5kxj6pj51rl2fqnrpxcf26-3rn3aq3mxc2w9zs33l8gm99a5dj83dqm-source
android-json> source root is 3rn3aq3mxc2w9zs33l8gm99a5dj83dqm-source
android-json> Running phase: patchPhase
android-json> Running phase: updateAutotoolsGnuConfigScriptsPhase
android-json> Running phase: configurePhase
android-json> no configure script, doing nothing
angus-activation> Running phase: unpackPhase
angus-activation> unpacking source archive /nix/store/hb2gvpllqs5kxj6pj51rl2fqnrpxcf26-3rn3aq3mxc2w9zs33l8gm99a5dj83dqm-source
angus-activation> source root is 3rn3aq3mxc2w9zs33l8gm99a5dj83dqm-source
angus-activation> Running phase: patchPhase
angus-activation> Running phase: updateAutotoolsGnuConfigScriptsPhase
angus-activation> Running phase: configurePhase
angus-activation> Running phase: unpackPhase
angus-activation> unpacking source archive /nix/store/hb2gvpllqs5kxj6pj51rl2fqnrpxcf26-3rn3aq3mxc2w9zs33l8gm99a5dj83dqm-source
angus-activation> source root is 3rn3aq3mxc2w9zs33l8gm99a5dj83dqm-source
angus-activation> Running phase: patchPhase
angus-activation> Running phase: updateAutotoolsGnuConfigScriptsPhase
angus-activation> Running phase: configurePhase
angus-activation-project> Running phase: unpackPhase
angus-activation-project> unpacking source archive /nix/store/hb2gvpllqs5kxj6pj51rl2fqnrpxcf26-3rn3aq3mxc2w9zs33l8gm99a5dj83dqm-source
angus-activation-project> source root is 3rn3aq3mxc2w9zs33l8gm99a5dj83dqm-source
angus-activation-project> Running phase: patchPhase
angus-activation-project> Running phase: updateAutotoolsGnuConfigScriptsPhase
angus-activation-project> Running phase: configurePhase
android-json> no configure script, doing nothing
android-json> Running phase: buildPhase
android-json> Running phase: buildPhase
angus-activation> no configure script, doing nothing
android-json> no Makefile or custom buildPhase, doing nothing
android-json> no Makefile or custom buildPhase, doing nothing
angus-activation> Running phase: buildPhase
angus-activation> no configure script, doing nothing
android-json> Running phase: installPhase
angus-activation> no Makefile or custom buildPhase, doing nothing
angus-activation> Running phase: buildPhase
android-json> Running phase: installPhase
angus-activation-project> no configure script, doing nothing
angus-activation> Running phase: installPhase
angus-activation> no Makefile or custom buildPhase, doing nothing
angus-activation-project> Running phase: buildPhase
angus-activation> Running phase: installPhase
angus-activation-project> no Makefile or custom buildPhase, doing nothing
angus-activation-project> Running phase: installPhase
annotations> Running phase: unpackPhase
annotations> unpacking source archive /nix/store/hb2gvpllqs5kxj6pj51rl2fqnrpxcf26-3rn3aq3mxc2w9zs33l8gm99a5dj83dqm-source
HikariCP> Traceback (most recent call last):
HikariCP>   File "/private/tmp/nix-build-HikariCP-5.0.1.jar.drv-0/3rn3aq3mxc2w9zs33l8gm99a5dj83dqm-source/fetch-gradle-dependency.py", line 69, in <module>
HikariCP>     download_artifact(sys.argv[1], sys.argv[3], sys.argv[4], sys.argv[5], sys.argv[6], sys.argv[7], sys.argv[8],
HikariCP>                                                 ~~~~~~~~^^^
HikariCP> IndexError: list index out of range
accessors-smart> Traceback (most recent call last):
accessors-smart>   File "/private/tmp/nix-build-accessors-smart-2.5.0.jar.drv-0/3rn3aq3mxc2w9zs33l8gm99a5dj83dqm-source/fetch-gradle-dependency.py", line 69, in <module>
accessors-smart>     download_artifact(sys.argv[1], sys.argv[3], sys.argv[4], sys.argv[5], sys.argv[6], sys.argv[7], sys.argv[8],
accessors-smart>                                                 ~~~~~~~~^^^
accessors-smart> IndexError: list index out of range
accessors-smart> Traceback (most recent call last):
accessors-smart>   File "/private/tmp/nix-build-accessors-smart-2.5.0.pom.drv-0/3rn3aq3mxc2w9zs33l8gm99a5dj83dqm-source/fetch-gradle-dependency.py", line 69, in <module>
accessors-smart>     download_artifact(sys.argv[1], sys.argv[3], sys.argv[4], sys.argv[5], sys.argv[6], sys.argv[7], sys.argv[8],
accessors-smart>                                                 ~~~~~~~~^^^
accessors-smart> IndexError: list index out of range
error: builder for '/nix/store/jbbf98n73ngmpk5vwdkcwgr7ddn94y1i-HikariCP-5.0.1.jar.drv' failed with exit code 1;
       last 10 log lines:
       > Running phase: configurePhase
       > no configure script, doing nothing
       > Running phase: buildPhase
       > no Makefile or custom buildPhase, doing nothing
       > Running phase: installPhase
       > Traceback (most recent call last):
       >   File "/private/tmp/nix-build-HikariCP-5.0.1.jar.drv-0/3rn3aq3mxc2w9zs33l8gm99a5dj83dqm-source/fetch-gradle-dependency.py", line 69, in <module>
       >     download_artifact(sys.argv[1], sys.argv[3], sys.argv[4], sys.argv[5], sys.argv[6], sys.argv[7], sys.argv[8],
       >                                                 ~~~~~~~~^^^
       > IndexError: list index out of range
       For full logs, run 'nix log /nix/store/jbbf98n73ngmpk5vwdkcwgr7ddn94y1i-HikariCP-5.0.1.jar.drv'.
error: 1 dependencies of derivation '/nix/store/1kniwrgx1ni799yzbpdrz5ihwya5j2m3-HikariCP-5.0.1.jar.drv' failed to build
error: 1 dependencies of derivation '/nix/store/86j8d0ip418kz4dkbmq0fjsab2pdyprq-maven-repo.drv' failed to build
error: 1 dependencies of derivation '/nix/store/banxwk0nqfl35k1b2rw1l6a5h5mhbpp8-init.gradle.kts.drv' failed to build
error: 1 dependencies of derivation '/nix/store/gw4m6fg12kizwjnbi91zd49jhxm5i0mp-inventory-backend.drv' failed to build
